{"meta": {"format": 3, "version": "7.14.1", "timestamp": "2026-06-10T10:13:25.599721", "branch_coverage": false, "show_contexts": false}, "files": {"src\\consultor_investimentos\\__init__.py": {"executed_lines": [], "summary": {"covered_lines": 0, "num_statements": 0, "percent_covered": 100.0, "percent_covered_display": "100", "missing_lines": 0, "excluded_lines": 0, "percent_statements_covered": 100.0, "percent_statements_covered_display": "100"}, "missing_lines": [], "excluded_lines": [], "functions": {"": {"executed_lines": [], "summary": {"covered_lines": 0, "num_statements": 0, "percent_covered": 100.0, "percent_covered_display": "100", "missing_lines": 0, "excluded_lines": 0, "percent_statements_covered": 100.0, "percent_statements_covered_display": "100"}, "missing_lines": [], "excluded_lines": [], "start_line": 1}}, "classes": {"": {"executed_lines": [], "summary": {"covered_lines": 0, "num_statements": 0, "percent_covered": 100.0, "percent_covered_display": "100", "missing_lines": 0, "excluded_lines": 0, "percent_statements_covered": 100.0, "percent_statements_covered_display": "100"}, "missing_lines": [], "excluded_lines": [], "start_line": 1}}}, "src\\consultor_investimentos\\app.py": {"executed_lines": [], "summary": {"covered_lines": 0, "num_statements": 14, "percent_covered": 0.0, "percent_covered_display": "0", "missing_lines": 14, "excluded_lines": 0, "percent_statements_covered": 0.0, "percent_statements_covered_display": "0"}, "missing_lines": [1, 3, 4, 5, 7, 15, 16, 17, 18, 19, 20, 21, 23, 31], "excluded_lines": [], "functions": {"": {"executed_lines": [], "summary": {"covered_lines": 0, "num_statements": 14, "percent_covered": 0.0, "percent_covered_display": "0", "missing_lines": 14, "excluded_lines": 0, "percent_statements_covered": 0.0, "percent_statements_covered_display": "0"}, "missing_lines": [1, 3, 4, 5, 7, 15, 16, 17, 18, 19, 20, 21, 23, 31], "excluded_lines": [], "start_line": 1}}, "classes": {"": {"executed_lines": [], "summary": {"covered_lines": 0, "num_statements": 14, "percent_covered": 0.0, "percent_covered_display": "0", "missing_lines": 14, "excluded_lines": 0, "percent_statements_covered": 0.0, "percent_statements_covered_display": "0"}, "missing_lines": [1, 3, 4, 5, 7, 15, 16, 17, 18, 19, 20, 21, 23, 31], "excluded_lines": [], "start_line": 1}}}, "src\\consultor_investimentos\\components\\__init__.py": {"executed_lines": [], "summary": {"covered_lines": 0, "num_statements": 0, "percent_covered": 100.0, "percent_covered_display": "100", "missing_lines": 0, "excluded_lines": 0, "percent_statements_covered": 100.0, "percent_statements_covered_display": "100"}, "missing_lines": [], "excluded_lines": [], "functions": {"": {"executed_lines": [], "summary": {"covered_lines": 0, "num_statements": 0, "percent_covered": 100.0, "percent_covered_display": "100", "missing_lines": 0, "excluded_lines": 0, "percent_statements_covered": 100.0, "percent_statements_covered_display": "100"}, "missing_lines": [], "excluded_lines": [], "start_line": 1}}, "classes": {"": {"executed_lines": [], "summary": {"covered_lines": 0, "num_statements": 0, "percent_covered": 100.0, "percent_covered_display": "100", "missing_lines": 0, "excluded_lines": 0, "percent_statements_covered": 100.0, "percent_statements_covered_display": "100"}, "missing_lines": [], "excluded_lines": [], "start_line": 1}}}, "src\\consultor_investimentos\\config.py": {"executed_lines": [1, 2, 5, 6, 7, 8, 9, 10, 11, 12, 15, 16, 17, 18, 21, 22, 23, 26, 27, 28, 29, 30, 31, 32, 33, 34, 38, 57, 58, 59, 60, 63, 64, 65, 66, 69, 70, 71, 72, 75, 81, 88, 91, 93, 100], "summary": {"covered_lines": 45, "num_statements": 45, "percent_covered": 100.0, "percent_covered_display": "100", "missing_lines": 0, "excluded_lines": 0, "percent_statements_covered": 100.0, "percent_statements_covered_display": "100"}, "missing_lines": [], "excluded_lines": [], "functions": {"": {"executed_lines": [1, 2, 5, 6, 7, 8, 9, 10, 11, 12, 15, 16, 17, 18, 21, 22, 23, 26, 27, 28, 29, 30, 31, 32, 33, 34, 38, 57, 58, 59, 60, 63, 64, 65, 66, 69, 70, 71, 72, 75, 81, 88, 91, 93, 100], "summary": {"covered_lines": 45, "num_statements": 45, "percent_covered": 100.0, "percent_covered_display": "100", "missing_lines": 0, "excluded_lines": 0, "percent_statements_covered": 100.0, "percent_statements_covered_display": "100"}, "missing_lines": [], "excluded_lines": [], "start_line": 1}}, "classes": {"AssetClass": {"executed_lines": [], "summary": {"covered_lines": 0, "num_statements": 0, "percent_covered": 100.0, "percent_covered_display": "100", "missing_lines": 0, "excluded_lines": 0, "percent_statements_covered": 100.0, "percent_statements_covered_display": "100"}, "missing_lines": [], "excluded_lines": [], "start_line": 5}, "IncomeType": {"executed_lines": [], "summary": {"covered_lines": 0, "num_statements": 0, "percent_covered": 100.0, "percent_covered_display": "100", "missing_lines": 0, "excluded_lines": 0, "percent_statements_covered": 100.0, "percent_statements_covered_display": "100"}, "missing_lines": [], "excluded_lines": [], "start_line": 15}, "AssetTrackingType": {"executed_lines": [], "summary": {"covered_lines": 0, "num_statements": 0, "percent_covered": 100.0, "percent_covered_display": "100", "missing_lines": 0, "excluded_lines": 0, "percent_statements_covered": 100.0, "percent_statements_covered_display": "100"}, "missing_lines": [], "excluded_lines": [], "start_line": 21}, "TransactionType": {"executed_lines": [], "summary": {"covered_lines": 0, "num_statements": 0, "percent_covered": 100.0, "percent_covered_display": "100", "missing_lines": 0, "excluded_lines": 0, "percent_statements_covered": 100.0, "percent_statements_covered_display": "100"}, "missing_lines": [], "excluded_lines": [], "start_line": 26}, "SnapshotType": {"executed_lines": [], "summary": {"covered_lines": 0, "num_statements": 0, "percent_covered": 100.0, "percent_covered_display": "100", "missing_lines": 0, "excluded_lines": 0, "percent_statements_covered": 100.0, "percent_statements_covered_display": "100"}, "missing_lines": [], "excluded_lines": [], "start_line": 57}, "RiskProfile": {"executed_lines": [], "summary": {"covered_lines": 0, "num_statements": 0, "percent_covered": 100.0, "percent_covered_display": "100", "missing_lines": 0, "excluded_lines": 0, "percent_statements_covered": 100.0, "percent_statements_covered_display": "100"}, "missing_lines": [], "excluded_lines": [], "start_line": 63}, "ProjectionScenario": {"executed_lines": [], "summary": {"covered_lines": 0, "num_statements": 0, "percent_covered": 100.0, "percent_covered_display": "100", "missing_lines": 0, "excluded_lines": 0, "percent_statements_covered": 100.0, "percent_statements_covered_display": "100"}, "missing_lines": [], "excluded_lines": [], "start_line": 69}, "": {"executed_lines": [1, 2, 5, 6, 7, 8, 9, 10, 11, 12, 15, 16, 17, 18, 21, 22, 23, 26, 27, 28, 29, 30, 31, 32, 33, 34, 38, 57, 58, 59, 60, 63, 64, 65, 66, 69, 70, 71, 72, 75, 81, 88, 91, 93, 100], "summary": {"covered_lines": 45, "num_statements": 45, "percent_covered": 100.0, "percent_covered_display": "100", "missing_lines": 0, "excluded_lines": 0, "percent_statements_covered": 100.0, "percent_statements_covered_display": "100"}, "missing_lines": [], "excluded_lines": [], "start_line": 1}}}, "src\\consultor_investimentos\\database\\__init__.py": {"executed_lines": [], "summary": {"covered_lines": 0, "num_statements": 0, "percent_covered": 100.0, "percent_covered_display": "100", "missing_lines": 0, "excluded_lines": 0, "percent_statements_covered": 100.0, "percent_statements_covered_display": "100"}, "missing_lines": [], "excluded_lines": [], "functions": {"": {"executed_lines": [], "summary": {"covered_lines": 0, "num_statements": 0, "percent_covered": 100.0, "percent_covered_display": "100", "missing_lines": 0, "excluded_lines": 0, "percent_statements_covered": 100.0, "percent_statements_covered_display": "100"}, "missing_lines": [], "excluded_lines": [], "start_line": 1}}, "classes": {"": {"executed_lines": [], "summary": {"covered_lines": 0, "num_statements": 0, "percent_covered": 100.0, "percent_covered_display": "100", "missing_lines": 0, "excluded_lines": 0, "percent_statements_covered": 100.0, "percent_statements_covered_display": "100"}, "missing_lines": [], "excluded_lines": [], "start_line": 1}}}, "src\\consultor_investimentos\\database\\connection.py": {"executed_lines": [1, 2, 4, 5, 6, 8, 10, 12, 15, 16, 17, 18, 19, 20, 22, 29, 30, 37, 40, 41, 44, 45, 57], "summary": {"covered_lines": 23, "num_statements": 36, "percent_covered": 63.888888888888886, "percent_covered_display": "64", "missing_lines": 13, "excluded_lines": 0, "percent_statements_covered": 63.888888888888886, "percent_statements_covered_display": "64"}, "missing_lines": [32, 33, 34, 46, 47, 48, 49, 50, 51, 52, 54, 59, 61], "excluded_lines": [], "functions": {"set_sqlite_pragma": {"executed_lines": [], "summary": {"covered_lines": 0, "num_statements": 3, "percent_covered": 0.0, "percent_covered_display": "0", "missing_lines": 3, "excluded_lines": 0, "percent_statements_covered": 0.0, "percent_statements_covered_display": "0"}, "missing_lines": [32, 33, 34], "excluded_lines": [], "start_line": 30}, "get_db": {"executed_lines": [], "summary": {"covered_lines": 0, "num_statements": 8, "percent_covered": 0.0, "percent_covered_display": "0", "missing_lines": 8, "excluded_lines": 0, "percent_statements_covered": 0.0, "percent_statements_covered_display": "0"}, "missing_lines": [46, 47, 48, 49, 50, 51, 52, 54], "excluded_lines": [], "start_line": 45}, "init_db": {"executed_lines": [], "summary": {"covered_lines": 0, "num_statements": 2, "percent_covered": 0.0, "percent_covered_display": "0", "missing_lines": 2, "excluded_lines": 0, "percent_statements_covered": 0.0, "percent_statements_covered_display": "0"}, "missing_lines": [59, 61], "excluded_lines": [], "start_line": 57}, "": {"executed_lines": [1, 2, 4, 5, 6, 8, 10, 12, 15, 16, 17, 18, 19, 20, 22, 29, 30, 37, 40, 41, 44, 45, 57], "summary": {"covered_lines": 23, "num_statements": 23, "percent_covered": 100.0, "percent_covered_display": "100", "missing_lines": 0, "excluded_lines": 0, "percent_statements_covered": 100.0, "percent_statements_covered_display": "100"}, "missing_lines": [], "excluded_lines": [], "start_line": 1}}, "classes": {"Base": {"executed_lines": [], "summary": {"covered_lines": 0, "num_statements": 0, "percent_covered": 100.0, "percent_covered_display": "100", "missing_lines": 0, "excluded_lines": 0, "percent_statements_covered": 100.0, "percent_statements_covered_display": "100"}, "missing_lines": [], "excluded_lines": [], "start_line": 40}, "": {"executed_lines": [1, 2, 4, 5, 6, 8, 10, 12, 15, 16, 17, 18, 19, 20, 22, 29, 30, 37, 40, 41, 44, 45, 57], "summary": {"covered_lines": 23, "num_statements": 36, "percent_covered": 63.888888888888886, "percent_covered_display": "64", "missing_lines": 13, "excluded_lines": 0, "percent_statements_covered": 63.888888888888886, "percent_statements_covered_display": "64"}, "missing_lines": [32, 33, 34, 46, 47, 48, 49, 50, 51, 52, 54, 59, 61], "excluded_lines": [], "start_line": 1}}}, "src\\consultor_investimentos\\database\\models.py": {"executed_lines": [1, 2, 4, 17, 19, 22, 23, 25, 26, 27, 28, 29, 30, 31, 32, 33, 35, 38, 42, 46, 47, 49, 50, 53, 54, 57, 58, 64, 66, 67, 68, 70, 72, 76, 77, 79, 80, 83, 88, 90, 91, 93, 95, 97, 101, 102, 104, 105, 106, 107, 110, 112, 118, 122, 123, 125, 126, 129, 130, 131, 133, 137, 141, 142, 144, 145, 146, 147, 148, 149, 150, 151, 153, 157, 158, 161, 162, 163, 166, 169, 172, 175, 178, 181, 184, 187, 190, 194, 198], "summary": {"covered_lines": 89, "num_statements": 96, "percent_covered": 92.70833333333333, "percent_covered_display": "93", "missing_lines": 7, "excluded_lines": 0, "percent_statements_covered": 92.70833333333333, "percent_statements_covered_display": "93"}, "missing_lines": [43, 73, 98, 119, 138, 154, 199], "excluded_lines": [], "functions": {"Asset.__repr__": {"executed_lines": [], "summary": {"covered_lines": 0, "num_statements": 1, "percent_covered": 0.0, "percent_covered_display": "0", "missing_lines": 1, "excluded_lines": 0, "percent_statements_covered": 0.0, "percent_statements_covered_display": "0"}, "missing_lines": [43], "excluded_lines": [], "start_line": 42}, "Transaction.__repr__": {"executed_lines": [], "summary": {"covered_lines": 0, "num_statements": 1, "percent_covered": 0.0, "percent_covered_display": "0", "missing_lines": 1, "excluded_lines": 0, "percent_statements_covered": 0.0, "percent_statements_covered_display": "0"}, "missing_lines": [73], "excluded_lines": [], "start_line": 72}, "AssetPrice.__repr__": {"executed_lines": [], "summary": {"covered_lines": 0, "num_statements": 1, "percent_covered": 0.0, "percent_covered_display": "0", "missing_lines": 1, "excluded_lines": 0, "percent_statements_covered": 0.0, "percent_statements_covered_display": "0"}, "missing_lines": [98], "excluded_lines": [], "start_line": 97}, "PortfolioSnapshot.__repr__": {"executed_lines": [], "summary": {"covered_lines": 0, "num_statements": 1, "percent_covered": 0.0, "percent_covered_display": "0", "missing_lines": 1, "excluded_lines": 0, "percent_statements_covered": 0.0, "percent_statements_covered_display": "0"}, "missing_lines": [119], "excluded_lines": [], "start_line": 118}, "PortfolioSnapshotDetail.__repr__": {"executed_lines": [], "summary": {"covered_lines": 0, "num_statements": 1, "percent_covered": 0.0, "percent_covered_display": "0", "missing_lines": 1, "excluded_lines": 0, "percent_statements_covered": 0.0, "percent_statements_covered_display": "0"}, "missing_lines": [138], "excluded_lines": [], "start_line": 137}, "Goal.__repr__": {"executed_lines": [], "summary": {"covered_lines": 0, "num_statements": 1, "percent_covered": 0.0, "percent_covered_display": "0", "missing_lines": 1, "excluded_lines": 0, "percent_statements_covered": 0.0, "percent_statements_covered_display": "0"}, "missing_lines": [154], "excluded_lines": [], "start_line": 153}, "UserSettings.__repr__": {"executed_lines": [], "summary": {"covered_lines": 0, "num_statements": 1, "percent_covered": 0.0, "percent_covered_display": "0", "missing_lines": 1, "excluded_lines": 0, "percent_statements_covered": 0.0, "percent_statements_covered_display": "0"}, "missing_lines": [199], "excluded_lines": [], "start_line": 198}, "": {"executed_lines": [1, 2, 4, 17, 19, 22, 23, 25, 26, 27, 28, 29, 30, 31, 32, 33, 35, 38, 42, 46, 47, 49, 50, 53, 54, 57, 58, 64, 66, 67, 68, 70, 72, 76, 77, 79, 80, 83, 88, 90, 91, 93, 95, 97, 101, 102, 104, 105, 106, 107, 110, 112, 118, 122, 123, 125, 126, 129, 130, 131, 133, 137, 141, 142, 144, 145, 146, 147, 148, 149, 150, 151, 153, 157, 158, 161, 162, 163, 166, 169, 172, 175, 178, 181, 184, 187, 190, 194, 198], "summary": {"covered_lines": 89, "num_statements": 89, "percent_covered": 100.0, "percent_covered_display": "100", "missing_lines": 0, "excluded_lines": 0, "percent_statements_covered": 100.0, "percent_statements_covered_display": "100"}, "missing_lines": [], "excluded_lines": [], "start_line": 1}}, "classes": {"Asset": {"executed_lines": [], "summary": {"covered_lines": 0, "num_statements": 1, "percent_covered": 0.0, "percent_covered_display": "0", "missing_lines": 1, "excluded_lines": 0, "percent_statements_covered": 0.0, "percent_statements_covered_display": "0"}, "missing_lines": [43], "excluded_lines": [], "start_line": 22}, "Transaction": {"executed_lines": [], "summary": {"covered_lines": 0, "num_statements": 1, "percent_covered": 0.0, "percent_covered_display": "0", "missing_lines": 1, "excluded_lines": 0, "percent_statements_covered": 0.0, "percent_statements_covered_display": "0"}, "missing_lines": [73], "excluded_lines": [], "start_line": 46}, "AssetPrice": {"executed_lines": [], "summary": {"covered_lines": 0, "num_statements": 1, "percent_covered": 0.0, "percent_covered_display": "0", "missing_lines": 1, "excluded_lines": 0, "percent_statements_covered": 0.0, "percent_statements_covered_display": "0"}, "missing_lines": [98], "excluded_lines": [], "start_line": 76}, "PortfolioSnapshot": {"executed_lines": [], "summary": {"covered_lines": 0, "num_statements": 1, "percent_covered": 0.0, "percent_covered_display": "0", "missing_lines": 1, "excluded_lines": 0, "percent_statements_covered": 0.0, "percent_statements_covered_display": "0"}, "missing_lines": [119], "excluded_lines": [], "start_line": 101}, "PortfolioSnapshotDetail": {"executed_lines": [], "summary": {"covered_lines": 0, "num_statements": 1, "percent_covered": 0.0, "percent_covered_display": "0", "missing_lines": 1, "excluded_lines": 0, "percent_statements_covered": 0.0, "percent_statements_covered_display": "0"}, "missing_lines": [138], "excluded_lines": [], "start_line": 122}, "Goal": {"executed_lines": [], "summary": {"covered_lines": 0, "num_statements": 1, "percent_covered": 0.0, "percent_covered_display": "0", "missing_lines": 1, "excluded_lines": 0, "percent_statements_covered": 0.0, "percent_statements_covered_display": "0"}, "missing_lines": [154], "excluded_lines": [], "start_line": 141}, "UserSettings": {"executed_lines": [], "summary": {"covered_lines": 0, "num_statements": 1, "percent_covered": 0.0, "percent_covered_display": "0", "missing_lines": 1, "excluded_lines": 0, "percent_statements_covered": 0.0, "percent_statements_covered_display": "0"}, "missing_lines": [199], "excluded_lines": [], "start_line": 157}, "": {"executed_lines": [1, 2, 4, 17, 19, 22, 23, 25, 26, 27, 28, 29, 30, 31, 32, 33, 35, 38, 42, 46, 47, 49, 50, 53, 54, 57, 58, 64, 66, 67, 68, 70, 72, 76, 77, 79, 80, 83, 88, 90, 91, 93, 95, 97, 101, 102, 104, 105, 106, 107, 110, 112, 118, 122, 123, 125, 126, 129, 130, 131, 133, 137, 141, 142, 144, 145, 146, 147, 148, 149, 150, 151, 153, 157, 158, 161, 162, 163, 166, 169, 172, 175, 178, 181, 184, 187, 190, 194, 198], "summary": {"covered_lines": 89, "num_statements": 89, "percent_covered": 100.0, "percent_covered_display": "100", "missing_lines": 0, "excluded_lines": 0, "percent_statements_covered": 100.0, "percent_statements_covered_display": "100"}, "missing_lines": [], "excluded_lines": [], "start_line": 1}}}, "src\\consultor_investimentos\\pages\\__init__.py": {"executed_lines": [], "summary": {"covered_lines": 0, "num_statements": 0, "percent_covered": 100.0, "percent_covered_display": "100", "missing_lines": 0, "excluded_lines": 0, "percent_statements_covered": 100.0, "percent_statements_covered_display": "100"}, "missing_lines": [], "excluded_lines": [], "functions": {"": {"executed_lines": [], "summary": {"covered_lines": 0, "num_statements": 0, "percent_covered": 100.0, "percent_covered_display": "100", "missing_lines": 0, "excluded_lines": 0, "percent_statements_covered": 100.0, "percent_statements_covered_display": "100"}, "missing_lines": [], "excluded_lines": [], "start_line": 1}}, "classes": {"": {"executed_lines": [], "summary": {"covered_lines": 0, "num_statements": 0, "percent_covered": 100.0, "percent_covered_display": "100", "missing_lines": 0, "excluded_lines": 0, "percent_statements_covered": 100.0, "percent_statements_covered_display": "100"}, "missing_lines": [], "excluded_lines": [], "start_line": 1}}}, "src\\consultor_investimentos\\repositories\\__init__.py": {"executed_lines": [1, 2, 3, 4, 5, 6, 8], "summary": {"covered_lines": 7, "num_statements": 7, "percent_covered": 100.0, "percent_covered_display": "100", "missing_lines": 0, "excluded_lines": 0, "percent_statements_covered": 100.0, "percent_statements_covered_display": "100"}, "missing_lines": [], "excluded_lines": [], "functions": {"": {"executed_lines": [1, 2, 3, 4, 5, 6, 8], "summary": {"covered_lines": 7, "num_statements": 7, "percent_covered": 100.0, "percent_covered_display": "100", "missing_lines": 0, "excluded_lines": 0, "percent_statements_covered": 100.0, "percent_statements_covered_display": "100"}, "missing_lines": [], "excluded_lines": [], "start_line": 1}}, "classes": {"": {"executed_lines": [1, 2, 3, 4, 5, 6, 8], "summary": {"covered_lines": 7, "num_statements": 7, "percent_covered": 100.0, "percent_covered_display": "100", "missing_lines": 0, "excluded_lines": 0, "percent_statements_covered": 100.0, "percent_statements_covered_display": "100"}, "missing_lines": [], "excluded_lines": [], "start_line": 1}}}, "src\\consultor_investimentos\\repositories\\asset_repository.py": {"executed_lines": [1, 2, 4, 5, 8, 9, 10, 12, 13, 15, 16, 20, 21, 29, 30, 36, 37, 45, 54, 55, 56, 57, 58, 63, 71, 72, 73, 75, 82, 83, 84, 86, 87, 88, 89, 91, 92, 94, 95, 96, 97, 98, 99, 102, 103], "summary": {"covered_lines": 45, "num_statements": 45, "percent_covered": 100.0, "percent_covered_display": "100", "missing_lines": 0, "excluded_lines": 0, "percent_statements_covered": 100.0, "percent_statements_covered_display": "100"}, "missing_lines": [], "excluded_lines": [], "functions": {"AssetRepository.__init__": {"executed_lines": [10], "summary": {"covered_lines": 1, "num_statements": 1, "percent_covered": 100.0, "percent_covered_display": "100", "missing_lines": 0, "excluded_lines": 0, "percent_statements_covered": 100.0, "percent_statements_covered_display": "100"}, "missing_lines": [], "excluded_lines": [], "start_line": 9}, "AssetRepository.get_by_id": {"executed_lines": [13], "summary": {"covered_lines": 1, "num_statements": 1, "percent_covered": 100.0, "percent_covered_display": "100", "missing_lines": 0, "excluded_lines": 0, "percent_statements_covered": 100.0, "percent_statements_covered_display": "100"}, "missing_lines": [], "excluded_lines": [], "start_line": 12}, "AssetRepository.get_by_ticker": {"executed_lines": [16], "summary": {"covered_lines": 1, "num_statements": 1, "percent_covered": 100.0, "percent_covered_display": "100", "missing_lines": 0, "excluded_lines": 0, "percent_statements_covered": 100.0, "percent_statements_covered_display": "100"}, "missing_lines": [], "excluded_lines": [], "start_line": 15}, "AssetRepository.get_active": {"executed_lines": [21], "summary": {"covered_lines": 1, "num_statements": 1, "percent_covered": 100.0, "percent_covered_display": "100", "missing_lines": 0, "excluded_lines": 0, "percent_statements_covered": 100.0, "percent_statements_covered_display": "100"}, "missing_lines": [], "excluded_lines": [], "start_line": 20}, "AssetRepository.get_all": {"executed_lines": [30], "summary": {"covered_lines": 1, "num_statements": 1, "percent_covered": 100.0, "percent_covered_display": "100", "missing_lines": 0, "excluded_lines": 0, "percent_statements_covered": 100.0, "percent_statements_covered_display": "100"}, "missing_lines": [], "excluded_lines": [], "start_line": 29}, "AssetRepository.get_active_by_class": {"executed_lines": [37], "summary": {"covered_lines": 1, "num_statements": 1, "percent_covered": 100.0, "percent_covered_display": "100", "missing_lines": 0, "excluded_lines": 0, "percent_statements_covered": 100.0, "percent_statements_covered_display": "100"}, "missing_lines": [], "excluded_lines": [], "start_line": 36}, "AssetRepository.create": {"executed_lines": [54, 55, 56, 57, 58, 63, 71, 72, 73], "summary": {"covered_lines": 9, "num_statements": 9, "percent_covered": 100.0, "percent_covered_display": "100", "missing_lines": 0, "excluded_lines": 0, "percent_statements_covered": 100.0, "percent_statements_covered_display": "100"}, "missing_lines": [], "excluded_lines": [], "start_line": 45}, "AssetRepository.update": {"executed_lines": [82, 83, 84, 86, 87, 88, 89, 91, 92], "summary": {"covered_lines": 9, "num_statements": 9, "percent_covered": 100.0, "percent_covered_display": "100", "missing_lines": 0, "excluded_lines": 0, "percent_statements_covered": 100.0, "percent_statements_covered_display": "100"}, "missing_lines": [], "excluded_lines": [], "start_line": 75}, "AssetRepository.deactivate": {"executed_lines": [95, 96, 97, 98, 99, 102, 103], "summary": {"covered_lines": 7, "num_statements": 7, "percent_covered": 100.0, "percent_covered_display": "100", "missing_lines": 0, "excluded_lines": 0, "percent_statements_covered": 100.0, "percent_statements_covered_display": "100"}, "missing_lines": [], "excluded_lines": [], "start_line": 94}, "": {"executed_lines": [1, 2, 4, 5, 8, 9, 12, 15, 20, 29, 36, 45, 75, 94], "summary": {"covered_lines": 14, "num_statements": 14, "percent_covered": 100.0, "percent_covered_display": "100", "missing_lines": 0, "excluded_lines": 0, "percent_statements_covered": 100.0, "percent_statements_covered_display": "100"}, "missing_lines": [], "excluded_lines": [], "start_line": 1}}, "classes": {"AssetRepository": {"executed_lines": [10, 13, 16, 21, 30, 37, 54, 55, 56, 57, 58, 63, 71, 72, 73, 82, 83, 84, 86, 87, 88, 89, 91, 92, 95, 96, 97, 98, 99, 102, 103], "summary": {"covered_lines": 31, "num_statements": 31, "percent_covered": 100.0, "percent_covered_display": "100", "missing_lines": 0, "excluded_lines": 0, "percent_statements_covered": 100.0, "percent_statements_covered_display": "100"}, "missing_lines": [], "excluded_lines": [], "start_line": 8}, "": {"executed_lines": [1, 2, 4, 5, 8, 9, 12, 15, 20, 29, 36, 45, 75, 94], "summary": {"covered_lines": 14, "num_statements": 14, "percent_covered": 100.0, "percent_covered_display": "100", "missing_lines": 0, "excluded_lines": 0, "percent_statements_covered": 100.0, "percent_statements_covered_display": "100"}, "missing_lines": [], "excluded_lines": [], "start_line": 1}}}, "src\\consultor_investimentos\\repositories\\contribution_repository.py": {"executed_lines": [1, 2, 4, 5, 7, 12, 14, 20, 23, 24, 25, 27, 28, 30, 31, 39, 41, 42, 53, 60, 71, 77, 81, 83, 87, 98, 99, 102, 103, 104, 105, 111, 116, 121, 122, 126, 136, 137, 138, 140, 141, 142, 143, 144, 145, 149, 150], "summary": {"covered_lines": 47, "num_statements": 49, "percent_covered": 95.91836734693878, "percent_covered_display": "96", "missing_lines": 2, "excluded_lines": 0, "percent_statements_covered": 95.91836734693878, "percent_statements_covered_display": "96"}, "missing_lines": [82, 100], "excluded_lines": [], "functions": {"ContributionRepository.__init__": {"executed_lines": [25], "summary": {"covered_lines": 1, "num_statements": 1, "percent_covered": 100.0, "percent_covered_display": "100", "missing_lines": 0, "excluded_lines": 0, "percent_statements_covered": 100.0, "percent_statements_covered_display": "100"}, "missing_lines": [], "excluded_lines": [], "start_line": 24}, "ContributionRepository.get_by_id": {"executed_lines": [28], "summary": {"covered_lines": 1, "num_statements": 1, "percent_covered": 100.0, "percent_covered_display": "100", "missing_lines": 0, "excluded_lines": 0, "percent_statements_covered": 100.0, "percent_statements_covered_display": "100"}, "missing_lines": [], "excluded_lines": [], "start_line": 27}, "ContributionRepository.get_by_asset": {"executed_lines": [31], "summary": {"covered_lines": 1, "num_statements": 1, "percent_covered": 100.0, "percent_covered_display": "100", "missing_lines": 0, "excluded_lines": 0, "percent_statements_covered": 100.0, "percent_statements_covered_display": "100"}, "missing_lines": [], "excluded_lines": [], "start_line": 30}, "ContributionRepository.get_buys_and_initial": {"executed_lines": [41, 42], "summary": {"covered_lines": 2, "num_statements": 2, "percent_covered": 100.0, "percent_covered_display": "100", "missing_lines": 0, "excluded_lines": 0, "percent_statements_covered": 100.0, "percent_statements_covered_display": "100"}, "missing_lines": [], "excluded_lines": [], "start_line": 39}, "ContributionRepository.get_cost_basis_transactions": {"executed_lines": [60], "summary": {"covered_lines": 1, "num_statements": 1, "percent_covered": 100.0, "percent_covered_display": "100", "missing_lines": 0, "excluded_lines": 0, "percent_statements_covered": 100.0, "percent_statements_covered_display": "100"}, "missing_lines": [], "excluded_lines": [], "start_line": 53}, "ContributionRepository.get_by_date_range": {"executed_lines": [77, 81, 83], "summary": {"covered_lines": 3, "num_statements": 4, "percent_covered": 75.0, "percent_covered_display": "75", "missing_lines": 1, "excluded_lines": 0, "percent_statements_covered": 75.0, "percent_statements_covered_display": "75"}, "missing_lines": [82], "excluded_lines": [], "start_line": 71}, "ContributionRepository.create": {"executed_lines": [98, 99, 102, 103, 104, 105, 111, 116, 121, 122, 126, 136, 137, 138], "summary": {"covered_lines": 14, "num_statements": 15, "percent_covered": 93.33333333333333, "percent_covered_display": "93", "missing_lines": 1, "excluded_lines": 0, "percent_statements_covered": 93.33333333333333, "percent_statements_covered_display": "93"}, "missing_lines": [100], "excluded_lines": [], "start_line": 87}, "ContributionRepository.delete": {"executed_lines": [141, 142, 143, 144, 145, 149, 150], "summary": {"covered_lines": 7, "num_statements": 7, "percent_covered": 100.0, "percent_covered_display": "100", "missing_lines": 0, "excluded_lines": 0, "percent_statements_covered": 100.0, "percent_statements_covered_display": "100"}, "missing_lines": [], "excluded_lines": [], "start_line": 140}, "": {"executed_lines": [1, 2, 4, 5, 7, 12, 14, 20, 23, 24, 27, 30, 39, 53, 71, 87, 140], "summary": {"covered_lines": 17, "num_statements": 17, "percent_covered": 100.0, "percent_covered_display": "100", "missing_lines": 0, "excluded_lines": 0, "percent_statements_covered": 100.0, "percent_statements_covered_display": "100"}, "missing_lines": [], "excluded_lines": [], "start_line": 1}}, "classes": {"ContributionRepository": {"executed_lines": [25, 28, 31, 41, 42, 60, 77, 81, 83, 98, 99, 102, 103, 104, 105, 111, 116, 121, 122, 126, 136, 137, 138, 141, 142, 143, 144, 145, 149, 150], "summary": {"covered_lines": 30, "num_statements": 32, "percent_covered": 93.75, "percent_covered_display": "94", "missing_lines": 2, "excluded_lines": 0, "percent_statements_covered": 93.75, "percent_statements_covered_display": "94"}, "missing_lines": [82, 100], "excluded_lines": [], "start_line": 23}, "": {"executed_lines": [1, 2, 4, 5, 7, 12, 14, 20, 23, 24, 27, 30, 39, 53, 71, 87, 140], "summary": {"covered_lines": 17, "num_statements": 17, "percent_covered": 100.0, "percent_covered_display": "100", "missing_lines": 0, "excluded_lines": 0, "percent_statements_covered": 100.0, "percent_statements_covered_display": "100"}, "missing_lines": [], "excluded_lines": [], "start_line": 1}}}, "src\\consultor_investimentos\\repositories\\goal_repository.py": {"executed_lines": [1, 2, 4, 5, 7, 10, 11, 12, 14, 15, 17, 18, 26, 27, 33, 40, 41, 43, 47, 54, 55, 56, 58, 66, 67, 68, 70, 71, 72, 73, 74, 75, 76, 78, 79, 81, 82, 84, 85, 86, 88, 89, 90, 91, 93, 95, 96, 97, 98, 99], "summary": {"covered_lines": 50, "num_statements": 52, "percent_covered": 96.15384615384616, "percent_covered_display": "96", "missing_lines": 2, "excluded_lines": 0, "percent_statements_covered": 96.15384615384616, "percent_statements_covered_display": "96"}, "missing_lines": [77, 87], "excluded_lines": [], "functions": {"GoalRepository.__init__": {"executed_lines": [12], "summary": {"covered_lines": 1, "num_statements": 1, "percent_covered": 100.0, "percent_covered_display": "100", "missing_lines": 0, "excluded_lines": 0, "percent_statements_covered": 100.0, "percent_statements_covered_display": "100"}, "missing_lines": [], "excluded_lines": [], "start_line": 11}, "GoalRepository.get_by_id": {"executed_lines": [15], "summary": {"covered_lines": 1, "num_statements": 1, "percent_covered": 100.0, "percent_covered_display": "100", "missing_lines": 0, "excluded_lines": 0, "percent_statements_covered": 100.0, "percent_statements_covered_display": "100"}, "missing_lines": [], "excluded_lines": [], "start_line": 14}, "GoalRepository.get_active": {"executed_lines": [18], "summary": {"covered_lines": 1, "num_statements": 1, "percent_covered": 100.0, "percent_covered_display": "100", "missing_lines": 0, "excluded_lines": 0, "percent_statements_covered": 100.0, "percent_statements_covered_display": "100"}, "missing_lines": [], "excluded_lines": [], "start_line": 17}, "GoalRepository.get_all": {"executed_lines": [27], "summary": {"covered_lines": 1, "num_statements": 1, "percent_covered": 100.0, "percent_covered_display": "100", "missing_lines": 0, "excluded_lines": 0, "percent_statements_covered": 100.0, "percent_statements_covered_display": "100"}, "missing_lines": [], "excluded_lines": [], "start_line": 26}, "GoalRepository.create": {"executed_lines": [40, 41, 43, 47, 54, 55, 56], "summary": {"covered_lines": 7, "num_statements": 7, "percent_covered": 100.0, "percent_covered_display": "100", "missing_lines": 0, "excluded_lines": 0, "percent_statements_covered": 100.0, "percent_statements_covered_display": "100"}, "missing_lines": [], "excluded_lines": [], "start_line": 33}, "GoalRepository.update": {"executed_lines": [66, 67, 68, 70, 71, 72, 73, 74, 75, 76, 78, 79, 81, 82], "summary": {"covered_lines": 14, "num_statements": 15, "percent_covered": 93.33333333333333, "percent_covered_display": "93", "missing_lines": 1, "excluded_lines": 0, "percent_statements_covered": 93.33333333333333, "percent_statements_covered_display": "93"}, "missing_lines": [77], "excluded_lines": [], "start_line": 58}, "GoalRepository.deactivate": {"executed_lines": [85, 86, 88, 89, 90, 91], "summary": {"covered_lines": 6, "num_statements": 7, "percent_covered": 85.71428571428571, "percent_covered_display": "86", "missing_lines": 1, "excluded_lines": 0, "percent_statements_covered": 85.71428571428571, "percent_statements_covered_display": "86"}, "missing_lines": [87], "excluded_lines": [], "start_line": 84}, "GoalRepository.reorder": {"executed_lines": [95, 96, 97, 98, 99], "summary": {"covered_lines": 5, "num_statements": 5, "percent_covered": 100.0, "percent_covered_display": "100", "missing_lines": 0, "excluded_lines": 0, "percent_statements_covered": 100.0, "percent_statements_covered_display": "100"}, "missing_lines": [], "excluded_lines": [], "start_line": 93}, "": {"executed_lines": [1, 2, 4, 5, 7, 10, 11, 14, 17, 26, 33, 58, 84, 93], "summary": {"covered_lines": 14, "num_statements": 14, "percent_covered": 100.0, "percent_covered_display": "100", "missing_lines": 0, "excluded_lines": 0, "percent_statements_covered": 100.0, "percent_statements_covered_display": "100"}, "missing_lines": [], "excluded_lines": [], "start_line": 1}}, "classes": {"GoalRepository": {"executed_lines": [12, 15, 18, 27, 40, 41, 43, 47, 54, 55, 56, 66, 67, 68, 70, 71, 72, 73, 74, 75, 76, 78, 79, 81, 82, 85, 86, 88, 89, 90, 91, 95, 96, 97, 98, 99], "summary": {"covered_lines": 36, "num_statements": 38, "percent_covered": 94.73684210526316, "percent_covered_display": "95", "missing_lines": 2, "excluded_lines": 0, "percent_statements_covered": 94.73684210526316, "percent_statements_covered_display": "95"}, "missing_lines": [77, 87], "excluded_lines": [], "start_line": 10}, "": {"executed_lines": [1, 2, 4, 5, 7, 10, 11, 14, 17, 26, 33, 58, 84, 93], "summary": {"covered_lines": 14, "num_statements": 14, "percent_covered": 100.0, "percent_covered_display": "100", "missing_lines": 0, "excluded_lines": 0, "percent_statements_covered": 100.0, "percent_statements_covered_display": "100"}, "missing_lines": [], "excluded_lines": [], "start_line": 1}}}, "src\\consultor_investimentos\\repositories\\holding_repository.py": {"executed_lines": [1, 2, 4, 5, 7, 10, 11, 12, 14, 15, 22, 23, 30, 35, 45, 55, 56, 64, 70, 71, 75, 76, 77, 78, 79, 81, 87, 88, 89], "summary": {"covered_lines": 29, "num_statements": 29, "percent_covered": 100.0, "percent_covered_display": "100", "missing_lines": 0, "excluded_lines": 0, "percent_statements_covered": 100.0, "percent_statements_covered_display": "100"}, "missing_lines": [], "excluded_lines": [], "functions": {"HoldingRepository.__init__": {"executed_lines": [12], "summary": {"covered_lines": 1, "num_statements": 1, "percent_covered": 100.0, "percent_covered_display": "100", "missing_lines": 0, "excluded_lines": 0, "percent_statements_covered": 100.0, "percent_statements_covered_display": "100"}, "missing_lines": [], "excluded_lines": [], "start_line": 11}, "HoldingRepository.get_latest": {"executed_lines": [15], "summary": {"covered_lines": 1, "num_statements": 1, "percent_covered": 100.0, "percent_covered_display": "100", "missing_lines": 0, "excluded_lines": 0, "percent_statements_covered": 100.0, "percent_statements_covered_display": "100"}, "missing_lines": [], "excluded_lines": [], "start_line": 14}, "HoldingRepository.get_on_date": {"executed_lines": [23], "summary": {"covered_lines": 1, "num_statements": 1, "percent_covered": 100.0, "percent_covered_display": "100", "missing_lines": 0, "excluded_lines": 0, "percent_statements_covered": 100.0, "percent_statements_covered_display": "100"}, "missing_lines": [], "excluded_lines": [], "start_line": 22}, "HoldingRepository.get_latest_all_active": {"executed_lines": [35, 45], "summary": {"covered_lines": 2, "num_statements": 2, "percent_covered": 100.0, "percent_covered_display": "100", "missing_lines": 0, "excluded_lines": 0, "percent_statements_covered": 100.0, "percent_statements_covered_display": "100"}, "missing_lines": [], "excluded_lines": [], "start_line": 30}, "HoldingRepository.get_history": {"executed_lines": [56], "summary": {"covered_lines": 1, "num_statements": 1, "percent_covered": 100.0, "percent_covered_display": "100", "missing_lines": 0, "excluded_lines": 0, "percent_statements_covered": 100.0, "percent_statements_covered_display": "100"}, "missing_lines": [], "excluded_lines": [], "start_line": 55}, "HoldingRepository.upsert": {"executed_lines": [70, 71, 75, 76, 77, 78, 79, 81, 87, 88, 89], "summary": {"covered_lines": 11, "num_statements": 11, "percent_covered": 100.0, "percent_covered_display": "100", "missing_lines": 0, "excluded_lines": 0, "percent_statements_covered": 100.0, "percent_statements_covered_display": "100"}, "missing_lines": [], "excluded_lines": [], "start_line": 64}, "": {"executed_lines": [1, 2, 4, 5, 7, 10, 11, 14, 22, 30, 55, 64], "summary": {"covered_lines": 12, "num_statements": 12, "percent_covered": 100.0, "percent_covered_display": "100", "missing_lines": 0, "excluded_lines": 0, "percent_statements_covered": 100.0, "percent_statements_covered_display": "100"}, "missing_lines": [], "excluded_lines": [], "start_line": 1}}, "classes": {"HoldingRepository": {"executed_lines": [12, 15, 23, 35, 45, 56, 70, 71, 75, 76, 77, 78, 79, 81, 87, 88, 89], "summary": {"covered_lines": 17, "num_statements": 17, "percent_covered": 100.0, "percent_covered_display": "100", "missing_lines": 0, "excluded_lines": 0, "percent_statements_covered": 100.0, "percent_statements_covered_display": "100"}, "missing_lines": [], "excluded_lines": [], "start_line": 10}, "": {"executed_lines": [1, 2, 4, 5, 7, 10, 11, 14, 22, 30, 55, 64], "summary": {"covered_lines": 12, "num_statements": 12, "percent_covered": 100.0, "percent_covered_display": "100", "missing_lines": 0, "excluded_lines": 0, "percent_statements_covered": 100.0, "percent_statements_covered_display": "100"}, "missing_lines": [], "excluded_lines": [], "start_line": 1}}}, "src\\consultor_investimentos\\repositories\\settings_repository.py": {"executed_lines": [1, 3, 5, 7, 16, 25, 26, 27, 29, 30, 31, 32, 33, 34, 35, 37, 38, 40, 41, 42, 44, 47, 48, 53, 54], "summary": {"covered_lines": 25, "num_statements": 25, "percent_covered": 100.0, "percent_covered_display": "100", "missing_lines": 0, "excluded_lines": 0, "percent_statements_covered": 100.0, "percent_statements_covered_display": "100"}, "missing_lines": [], "excluded_lines": [], "functions": {"SettingsRepository.__init__": {"executed_lines": [27], "summary": {"covered_lines": 1, "num_statements": 1, "percent_covered": 100.0, "percent_covered_display": "100", "missing_lines": 0, "excluded_lines": 0, "percent_statements_covered": 100.0, "percent_statements_covered_display": "100"}, "missing_lines": [], "excluded_lines": [], "start_line": 26}, "SettingsRepository.get_or_create": {"executed_lines": [30, 31, 32, 33, 34, 35], "summary": {"covered_lines": 6, "num_statements": 6, "percent_covered": 100.0, "percent_covered_display": "100", "missing_lines": 0, "excluded_lines": 0, "percent_statements_covered": 100.0, "percent_statements_covered_display": "100"}, "missing_lines": [], "excluded_lines": [], "start_line": 29}, "SettingsRepository.update": {"executed_lines": [38, 40, 41, 42, 44, 47, 48, 53, 54], "summary": {"covered_lines": 9, "num_statements": 9, "percent_covered": 100.0, "percent_covered_display": "100", "missing_lines": 0, "excluded_lines": 0, "percent_statements_covered": 100.0, "percent_statements_covered_display": "100"}, "missing_lines": [], "excluded_lines": [], "start_line": 37}, "": {"executed_lines": [1, 3, 5, 7, 16, 25, 26, 29, 37], "summary": {"covered_lines": 9, "num_statements": 9, "percent_covered": 100.0, "percent_covered_display": "100", "missing_lines": 0, "excluded_lines": 0, "percent_statements_covered": 100.0, "percent_statements_covered_display": "100"}, "missing_lines": [], "excluded_lines": [], "start_line": 1}}, "classes": {"SettingsRepository": {"executed_lines": [27, 30, 31, 32, 33, 34, 35, 38, 40, 41, 42, 44, 47, 48, 53, 54], "summary": {"covered_lines": 16, "num_statements": 16, "percent_covered": 100.0, "percent_covered_display": "100", "missing_lines": 0, "excluded_lines": 0, "percent_statements_covered": 100.0, "percent_statements_covered_display": "100"}, "missing_lines": [], "excluded_lines": [], "start_line": 25}, "": {"executed_lines": [1, 3, 5, 7, 16, 25, 26, 29, 37], "summary": {"covered_lines": 9, "num_statements": 9, "percent_covered": 100.0, "percent_covered_display": "100", "missing_lines": 0, "excluded_lines": 0, "percent_statements_covered": 100.0, "percent_statements_covered_display": "100"}, "missing_lines": [], "excluded_lines": [], "start_line": 1}}}, "src\\consultor_investimentos\\repositories\\snapshot_repository.py": {"executed_lines": [1, 2, 4, 5, 7, 8, 11, 12, 13, 15, 16, 23, 24, 30, 35, 40, 41, 42, 43, 44, 46, 47, 52, 54, 66, 68, 69, 70, 71, 72, 73, 75, 76, 78, 83, 84, 86, 87, 95, 96], "summary": {"covered_lines": 40, "num_statements": 40, "percent_covered": 100.0, "percent_covered_display": "100", "missing_lines": 0, "excluded_lines": 0, "percent_statements_covered": 100.0, "percent_statements_covered_display": "100"}, "missing_lines": [], "excluded_lines": [], "functions": {"SnapshotRepository.__init__": {"executed_lines": [13], "summary": {"covered_lines": 1, "num_statements": 1, "percent_covered": 100.0, "percent_covered_display": "100", "missing_lines": 0, "excluded_lines": 0, "percent_statements_covered": 100.0, "percent_statements_covered_display": "100"}, "missing_lines": [], "excluded_lines": [], "start_line": 12}, "SnapshotRepository.get_latest": {"executed_lines": [16], "summary": {"covered_lines": 1, "num_statements": 1, "percent_covered": 100.0, "percent_covered_display": "100", "missing_lines": 0, "excluded_lines": 0, "percent_statements_covered": 100.0, "percent_statements_covered_display": "100"}, "missing_lines": [], "excluded_lines": [], "start_line": 15}, "SnapshotRepository.get_by_date": {"executed_lines": [24], "summary": {"covered_lines": 1, "num_statements": 1, "percent_covered": 100.0, "percent_covered_display": "100", "missing_lines": 0, "excluded_lines": 0, "percent_statements_covered": 100.0, "percent_statements_covered_display": "100"}, "missing_lines": [], "excluded_lines": [], "start_line": 23}, "SnapshotRepository.get_history": {"executed_lines": [35, 40, 41, 42, 43, 44], "summary": {"covered_lines": 6, "num_statements": 6, "percent_covered": 100.0, "percent_covered_display": "100", "missing_lines": 0, "excluded_lines": 0, "percent_statements_covered": 100.0, "percent_statements_covered_display": "100"}, "missing_lines": [], "excluded_lines": [], "start_line": 30}, "SnapshotRepository.exists_for_date": {"executed_lines": [47, 52], "summary": {"covered_lines": 2, "num_statements": 2, "percent_covered": 100.0, "percent_covered_display": "100", "missing_lines": 0, "excluded_lines": 0, "percent_statements_covered": 100.0, "percent_statements_covered_display": "100"}, "missing_lines": [], "excluded_lines": [], "start_line": 46}, "SnapshotRepository.upsert": {"executed_lines": [66, 68, 69, 70, 71, 72, 73, 75, 76, 78, 83, 84, 86, 87, 95, 96], "summary": {"covered_lines": 16, "num_statements": 16, "percent_covered": 100.0, "percent_covered_display": "100", "missing_lines": 0, "excluded_lines": 0, "percent_statements_covered": 100.0, "percent_statements_covered_display": "100"}, "missing_lines": [], "excluded_lines": [], "start_line": 54}, "": {"executed_lines": [1, 2, 4, 5, 7, 8, 11, 12, 15, 23, 30, 46, 54], "summary": {"covered_lines": 13, "num_statements": 13, "percent_covered": 100.0, "percent_covered_display": "100", "missing_lines": 0, "excluded_lines": 0, "percent_statements_covered": 100.0, "percent_statements_covered_display": "100"}, "missing_lines": [], "excluded_lines": [], "start_line": 1}}, "classes": {"SnapshotRepository": {"executed_lines": [13, 16, 24, 35, 40, 41, 42, 43, 44, 47, 52, 66, 68, 69, 70, 71, 72, 73, 75, 76, 78, 83, 84, 86, 87, 95, 96], "summary": {"covered_lines": 27, "num_statements": 27, "percent_covered": 100.0, "percent_covered_display": "100", "missing_lines": 0, "excluded_lines": 0, "percent_statements_covered": 100.0, "percent_statements_covered_display": "100"}, "missing_lines": [], "excluded_lines": [], "start_line": 11}, "": {"executed_lines": [1, 2, 4, 5, 7, 8, 11, 12, 15, 23, 30, 46, 54], "summary": {"covered_lines": 13, "num_statements": 13, "percent_covered": 100.0, "percent_covered_display": "100", "missing_lines": 0, "excluded_lines": 0, "percent_statements_covered": 100.0, "percent_statements_covered_display": "100"}, "missing_lines": [], "excluded_lines": [], "start_line": 1}}}, "src\\consultor_investimentos\\services\\__init__.py": {"executed_lines": [1, 2, 3, 4, 5, 6, 8], "summary": {"covered_lines": 7, "num_statements": 7, "percent_covered": 100.0, "percent_covered_display": "100", "missing_lines": 0, "excluded_lines": 0, "percent_statements_covered": 100.0, "percent_statements_covered_display": "100"}, "missing_lines": [], "excluded_lines": [], "functions": {"": {"executed_lines": [1, 2, 3, 4, 5, 6, 8], "summary": {"covered_lines": 7, "num_statements": 7, "percent_covered": 100.0, "percent_covered_display": "100", "missing_lines": 0, "excluded_lines": 0, "percent_statements_covered": 100.0, "percent_statements_covered_display": "100"}, "missing_lines": [], "excluded_lines": [], "start_line": 1}}, "classes": {"": {"executed_lines": [1, 2, 3, 4, 5, 6, 8], "summary": {"covered_lines": 7, "num_statements": 7, "percent_covered": 100.0, "percent_covered_display": "100", "missing_lines": 0, "excluded_lines": 0, "percent_statements_covered": 100.0, "percent_statements_covered_display": "100"}, "missing_lines": [], "excluded_lines": [], "start_line": 1}}}, "src\\consultor_investimentos\\services\\dto.py": {"executed_lines": [1, 2, 3, 5, 8, 9, 10, 11, 12, 13, 14, 15, 16, 17, 18, 19, 22, 23, 24, 25, 26, 27, 28, 29, 30, 31, 32, 33, 34, 37, 38, 39, 40, 41, 42, 43, 44, 45, 46, 47, 48, 49, 50, 51, 52, 53, 56, 57, 58, 59, 60, 63, 64, 65, 66, 67, 68, 69, 70, 71, 72, 74, 75, 78, 79, 80, 81, 82, 85, 86, 87, 88, 91, 92, 93, 94, 95, 96, 97, 98, 99, 102, 103, 104, 105, 106, 107, 108, 109, 110, 113, 114, 115, 116, 117, 118, 119, 120, 121, 122, 123, 124], "summary": {"covered_lines": 102, "num_statements": 102, "percent_covered": 100.0, "percent_covered_display": "100", "missing_lines": 0, "excluded_lines": 0, "percent_statements_covered": 100.0, "percent_statements_covered_display": "100"}, "missing_lines": [], "excluded_lines": [], "functions": {"PortfolioSummary.__post_init__": {"executed_lines": [75], "summary": {"covered_lines": 1, "num_statements": 1, "percent_covered": 100.0, "percent_covered_display": "100", "missing_lines": 0, "excluded_lines": 0, "percent_statements_covered": 100.0, "percent_statements_covered_display": "100"}, "missing_lines": [], "excluded_lines": [], "start_line": 74}, "": {"executed_lines": [1, 2, 3, 5, 8, 9, 10, 11, 12, 13, 14, 15, 16, 17, 18, 19, 22, 23, 24, 25, 26, 27, 28, 29, 30, 31, 32, 33, 34, 37, 38, 39, 40, 41, 42, 43, 44, 45, 46, 47, 48, 49, 50, 51, 52, 53, 56, 57, 58, 59, 60, 63, 64, 65, 66, 67, 68, 69, 70, 71, 72, 74, 78, 79, 80, 81, 82, 85, 86, 87, 88, 91, 92, 93, 94, 95, 96, 97, 98, 99, 102, 103, 104, 105, 106, 107, 108, 109, 110, 113, 114, 115, 116, 117, 118, 119, 120, 121, 122, 123, 124], "summary": {"covered_lines": 101, "num_statements": 101, "percent_covered": 100.0, "percent_covered_display": "100", "missing_lines": 0, "excluded_lines": 0, "percent_statements_covered": 100.0, "percent_statements_covered_display": "100"}, "missing_lines": [], "excluded_lines": [], "start_line": 1}}, "classes": {"SettingsDTO": {"executed_lines": [], "summary": {"covered_lines": 0, "num_statements": 0, "percent_covered": 100.0, "percent_covered_display": "100", "missing_lines": 0, "excluded_lines": 0, "percent_statements_covered": 100.0, "percent_statements_covered_display": "100"}, "missing_lines": [], "excluded_lines": [], "start_line": 9}, "TransactionDTO": {"executed_lines": [], "summary": {"covered_lines": 0, "num_statements": 0, "percent_covered": 100.0, "percent_covered_display": "100", "missing_lines": 0, "excluded_lines": 0, "percent_statements_covered": 100.0, "percent_statements_covered_display": "100"}, "missing_lines": [], "excluded_lines": [], "start_line": 23}, "Position": {"executed_lines": [], "summary": {"covered_lines": 0, "num_statements": 0, "percent_covered": 100.0, "percent_covered_display": "100", "missing_lines": 0, "excluded_lines": 0, "percent_statements_covered": 100.0, "percent_statements_covered_display": "100"}, "missing_lines": [], "excluded_lines": [], "start_line": 38}, "AllocationData": {"executed_lines": [], "summary": {"covered_lines": 0, "num_statements": 0, "percent_covered": 100.0, "percent_covered_display": "100", "missing_lines": 0, "excluded_lines": 0, "percent_statements_covered": 100.0, "percent_statements_covered_display": "100"}, "missing_lines": [], "excluded_lines": [], "start_line": 57}, "PortfolioSummary": {"executed_lines": [75], "summary": {"covered_lines": 1, "num_statements": 1, "percent_covered": 100.0, "percent_covered_display": "100", "missing_lines": 0, "excluded_lines": 0, "percent_statements_covered": 100.0, "percent_statements_covered_display": "100"}, "missing_lines": [], "excluded_lines": [], "start_line": 64}, "SnapshotPoint": {"executed_lines": [], "summary": {"covered_lines": 0, "num_statements": 0, "percent_covered": 100.0, "percent_covered_display": "100", "missing_lines": 0, "excluded_lines": 0, "percent_statements_covered": 100.0, "percent_statements_covered_display": "100"}, "missing_lines": [], "excluded_lines": [], "start_line": 79}, "ProjectionPoint": {"executed_lines": [], "summary": {"covered_lines": 0, "num_statements": 0, "percent_covered": 100.0, "percent_covered_display": "100", "missing_lines": 0, "excluded_lines": 0, "percent_statements_covered": 100.0, "percent_statements_covered_display": "100"}, "missing_lines": [], "excluded_lines": [], "start_line": 86}, "ProjectionResult": {"executed_lines": [], "summary": {"covered_lines": 0, "num_statements": 0, "percent_covered": 100.0, "percent_covered_display": "100", "missing_lines": 0, "excluded_lines": 0, "percent_statements_covered": 100.0, "percent_statements_covered_display": "100"}, "missing_lines": [], "excluded_lines": [], "start_line": 92}, "FireMetrics": {"executed_lines": [], "summary": {"covered_lines": 0, "num_statements": 0, "percent_covered": 100.0, "percent_covered_display": "100", "missing_lines": 0, "excluded_lines": 0, "percent_statements_covered": 100.0, "percent_statements_covered_display": "100"}, "missing_lines": [], "excluded_lines": [], "start_line": 103}, "GoalProgress": {"executed_lines": [], "summary": {"covered_lines": 0, "num_statements": 0, "percent_covered": 100.0, "percent_covered_display": "100", "missing_lines": 0, "excluded_lines": 0, "percent_statements_covered": 100.0, "percent_statements_covered_display": "100"}, "missing_lines": [], "excluded_lines": [], "start_line": 114}, "": {"executed_lines": [1, 2, 3, 5, 8, 9, 10, 11, 12, 13, 14, 15, 16, 17, 18, 19, 22, 23, 24, 25, 26, 27, 28, 29, 30, 31, 32, 33, 34, 37, 38, 39, 40, 41, 42, 43, 44, 45, 46, 47, 48, 49, 50, 51, 52, 53, 56, 57, 58, 59, 60, 63, 64, 65, 66, 67, 68, 69, 70, 71, 72, 74, 78, 79, 80, 81, 82, 85, 86, 87, 88, 91, 92, 93, 94, 95, 96, 97, 98, 99, 102, 103, 104, 105, 106, 107, 108, 109, 110, 113, 114, 115, 116, 117, 118, 119, 120, 121, 122, 123, 124], "summary": {"covered_lines": 101, "num_statements": 101, "percent_covered": 100.0, "percent_covered_display": "100", "missing_lines": 0, "excluded_lines": 0, "percent_statements_covered": 100.0, "percent_statements_covered_display": "100"}, "missing_lines": [], "excluded_lines": [], "start_line": 1}}}, "src\\consultor_investimentos\\services\\goal_service.py": {"executed_lines": [1, 2, 3, 5, 7, 8, 9, 10, 13, 16, 17, 18, 19, 20, 24, 30, 31, 32, 33, 35, 40, 41, 48, 54, 55, 56, 57, 58, 64, 77, 78, 79, 80, 81, 83, 84, 86, 88, 89, 91, 93, 94, 96, 98, 99, 101, 102, 106, 112, 113, 114, 115, 121, 131, 133, 146, 147, 152, 153, 154, 155, 157, 158, 161, 162, 163, 166], "summary": {"covered_lines": 67, "num_statements": 70, "percent_covered": 95.71428571428571, "percent_covered_display": "96", "missing_lines": 3, "excluded_lines": 0, "percent_statements_covered": 95.71428571428571, "percent_statements_covered_display": "96"}, "missing_lines": [85, 90, 159], "excluded_lines": [], "functions": {"GoalService.__init__": {"executed_lines": [18, 19, 20], "summary": {"covered_lines": 3, "num_statements": 3, "percent_covered": 100.0, "percent_covered_display": "100", "missing_lines": 0, "excluded_lines": 0, "percent_statements_covered": 100.0, "percent_statements_covered_display": "100"}, "missing_lines": [], "excluded_lines": [], "start_line": 17}, "GoalService.get_goal_progress": {"executed_lines": [30, 31, 32, 33], "summary": {"covered_lines": 4, "num_statements": 4, "percent_covered": 100.0, "percent_covered_display": "100", "missing_lines": 0, "excluded_lines": 0, "percent_statements_covered": 100.0, "percent_statements_covered_display": "100"}, "missing_lines": [], "excluded_lines": [], "start_line": 24}, "GoalService.get_all_goals_progress": {"executed_lines": [40, 41], "summary": {"covered_lines": 2, "num_statements": 2, "percent_covered": 100.0, "percent_covered_display": "100", "missing_lines": 0, "excluded_lines": 0, "percent_statements_covered": 100.0, "percent_statements_covered_display": "100"}, "missing_lines": [], "excluded_lines": [], "start_line": 35}, "GoalService.create_goal": {"executed_lines": [54, 55, 56, 57, 58], "summary": {"covered_lines": 5, "num_statements": 5, "percent_covered": 100.0, "percent_covered_display": "100", "missing_lines": 0, "excluded_lines": 0, "percent_statements_covered": 100.0, "percent_statements_covered_display": "100"}, "missing_lines": [], "excluded_lines": [], "start_line": 48}, "GoalService.update_goal": {"executed_lines": [77, 78, 79, 80, 81, 83, 84, 86, 88, 89, 91, 93, 94, 96], "summary": {"covered_lines": 14, "num_statements": 16, "percent_covered": 87.5, "percent_covered_display": "88", "missing_lines": 2, "excluded_lines": 0, "percent_statements_covered": 87.5, "percent_statements_covered_display": "88"}, "missing_lines": [85, 90], "excluded_lines": [], "start_line": 64}, "GoalService.deactivate_goal": {"executed_lines": [99], "summary": {"covered_lines": 1, "num_statements": 1, "percent_covered": 100.0, "percent_covered_display": "100", "missing_lines": 0, "excluded_lines": 0, "percent_statements_covered": 100.0, "percent_statements_covered_display": "100"}, "missing_lines": [], "excluded_lines": [], "start_line": 98}, "GoalService.reorder_goals": {"executed_lines": [102], "summary": {"covered_lines": 1, "num_statements": 1, "percent_covered": 100.0, "percent_covered_display": "100", "missing_lines": 0, "excluded_lines": 0, "percent_statements_covered": 100.0, "percent_statements_covered_display": "100"}, "missing_lines": [], "excluded_lines": [], "start_line": 101}, "GoalService._build_progress": {"executed_lines": [112, 113, 114, 115, 121, 131, 133], "summary": {"covered_lines": 7, "num_statements": 7, "percent_covered": 100.0, "percent_covered_display": "100", "missing_lines": 0, "excluded_lines": 0, "percent_statements_covered": 100.0, "percent_statements_covered_display": "100"}, "missing_lines": [], "excluded_lines": [], "start_line": 106}, "GoalService._is_on_track": {"executed_lines": [152, 153, 154, 155, 157, 158, 161, 162, 163, 166], "summary": {"covered_lines": 10, "num_statements": 11, "percent_covered": 90.9090909090909, "percent_covered_display": "91", "missing_lines": 1, "excluded_lines": 0, "percent_statements_covered": 90.9090909090909, "percent_statements_covered_display": "91"}, "missing_lines": [159], "excluded_lines": [], "start_line": 147}, "": {"executed_lines": [1, 2, 3, 5, 7, 8, 9, 10, 13, 16, 17, 24, 35, 48, 64, 98, 101, 106, 146, 147], "summary": {"covered_lines": 20, "num_statements": 20, "percent_covered": 100.0, "percent_covered_display": "100", "missing_lines": 0, "excluded_lines": 0, "percent_statements_covered": 100.0, "percent_statements_covered_display": "100"}, "missing_lines": [], "excluded_lines": [], "start_line": 1}}, "classes": {"GoalService": {"executed_lines": [18, 19, 20, 30, 31, 32, 33, 40, 41, 54, 55, 56, 57, 58, 77, 78, 79, 80, 81, 83, 84, 86, 88, 89, 91, 93, 94, 96, 99, 102, 112, 113, 114, 115, 121, 131, 133, 152, 153, 154, 155, 157, 158, 161, 162, 163, 166], "summary": {"covered_lines": 47, "num_statements": 50, "percent_covered": 94.0, "percent_covered_display": "94", "missing_lines": 3, "excluded_lines": 0, "percent_statements_covered": 94.0, "percent_statements_covered_display": "94"}, "missing_lines": [85, 90, 159], "excluded_lines": [], "start_line": 16}, "": {"executed_lines": [1, 2, 3, 5, 7, 8, 9, 10, 13, 16, 17, 24, 35, 48, 64, 98, 101, 106, 146, 147], "summary": {"covered_lines": 20, "num_statements": 20, "percent_covered": 100.0, "percent_covered_display": "100", "missing_lines": 0, "excluded_lines": 0, "percent_statements_covered": 100.0, "percent_statements_covered_display": "100"}, "missing_lines": [], "excluded_lines": [], "start_line": 1}}}, "src\\consultor_investimentos\\services\\portfolio_service.py": {"executed_lines": [1, 2, 4, 6, 7, 12, 15, 16, 17, 18, 19, 21, 22, 23, 25, 26, 27, 29, 31, 32, 33, 34, 36, 37, 38, 39, 41, 43, 44, 45, 46, 52, 53, 59, 61, 71, 86, 88, 90, 91, 95, 96, 97, 99, 100, 101, 106, 108, 109, 111, 112, 113, 115, 116, 118, 120, 121, 122, 124, 125, 126, 128, 129, 135, 153, 155, 156, 158, 166, 168, 169, 170, 172, 173, 174, 176, 177, 178, 179, 180, 181, 183, 185, 188, 194], "summary": {"covered_lines": 85, "num_statements": 88, "percent_covered": 96.5909090909091, "percent_covered_display": "97", "missing_lines": 3, "excluded_lines": 0, "percent_statements_covered": 96.5909090909091, "percent_statements_covered_display": "97"}, "missing_lines": [28, 76, 186], "excluded_lines": [], "functions": {"PortfolioService.__init__": {"executed_lines": [17, 18, 19], "summary": {"covered_lines": 3, "num_statements": 3, "percent_covered": 100.0, "percent_covered_display": "100", "missing_lines": 0, "excluded_lines": 0, "percent_statements_covered": 100.0, "percent_statements_covered_display": "100"}, "missing_lines": [], "excluded_lines": [], "start_line": 16}, "PortfolioService.get_all_positions": {"executed_lines": [22, 23], "summary": {"covered_lines": 2, "num_statements": 2, "percent_covered": 100.0, "percent_covered_display": "100", "missing_lines": 0, "excluded_lines": 0, "percent_statements_covered": 100.0, "percent_statements_covered_display": "100"}, "missing_lines": [], "excluded_lines": [], "start_line": 21}, "PortfolioService.get_position": {"executed_lines": [26, 27, 29], "summary": {"covered_lines": 3, "num_statements": 4, "percent_covered": 75.0, "percent_covered_display": "75", "missing_lines": 1, "excluded_lines": 0, "percent_statements_covered": 75.0, "percent_statements_covered_display": "75"}, "missing_lines": [28], "excluded_lines": [], "start_line": 25}, "PortfolioService.get_portfolio_summary": {"executed_lines": [32, 33, 34, 36, 37, 38, 39, 41, 43, 44, 45, 46, 52, 53, 59, 61], "summary": {"covered_lines": 16, "num_statements": 16, "percent_covered": 100.0, "percent_covered_display": "100", "missing_lines": 0, "excluded_lines": 0, "percent_statements_covered": 100.0, "percent_statements_covered_display": "100"}, "missing_lines": [], "excluded_lines": [], "start_line": 31}, "PortfolioService.get_active_asset_options": {"executed_lines": [], "summary": {"covered_lines": 0, "num_statements": 1, "percent_covered": 0.0, "percent_covered_display": "0", "missing_lines": 1, "excluded_lines": 0, "percent_statements_covered": 0.0, "percent_statements_covered_display": "0"}, "missing_lines": [76], "excluded_lines": [], "start_line": 71}, "PortfolioService.update_asset_price": {"executed_lines": [88], "summary": {"covered_lines": 1, "num_statements": 1, "percent_covered": 100.0, "percent_covered_display": "100", "missing_lines": 0, "excluded_lines": 0, "percent_statements_covered": 100.0, "percent_statements_covered_display": "100"}, "missing_lines": [], "excluded_lines": [], "start_line": 86}, "PortfolioService.get_allocation_by_class": {"executed_lines": [95, 96, 97, 99, 100, 101, 106, 108, 109], "summary": {"covered_lines": 9, "num_statements": 9, "percent_covered": 100.0, "percent_covered_display": "100", "missing_lines": 0, "excluded_lines": 0, "percent_statements_covered": 100.0, "percent_statements_covered_display": "100"}, "missing_lines": [], "excluded_lines": [], "start_line": 91}, "PortfolioService._build_position": {"executed_lines": [112, 113, 115, 116, 118, 120, 121, 122, 124, 125, 126, 128, 129, 135], "summary": {"covered_lines": 14, "num_statements": 14, "percent_covered": 100.0, "percent_covered_display": "100", "missing_lines": 0, "excluded_lines": 0, "percent_statements_covered": 100.0, "percent_statements_covered_display": "100"}, "missing_lines": [], "excluded_lines": [], "start_line": 111}, "PortfolioService._calculate_total_cost": {"executed_lines": [155, 156], "summary": {"covered_lines": 2, "num_statements": 2, "percent_covered": 100.0, "percent_covered_display": "100", "missing_lines": 0, "excluded_lines": 0, "percent_statements_covered": 100.0, "percent_statements_covered_display": "100"}, "missing_lines": [], "excluded_lines": [], "start_line": 153}, "PortfolioService._calculate_quantity_and_avg_price": {"executed_lines": [166, 168, 169, 170, 172, 173, 174, 176, 177, 178, 179, 180, 181, 183, 185, 188, 194], "summary": {"covered_lines": 17, "num_statements": 18, "percent_covered": 94.44444444444444, "percent_covered_display": "94", "missing_lines": 1, "excluded_lines": 0, "percent_statements_covered": 94.44444444444444, "percent_statements_covered_display": "94"}, "missing_lines": [186], "excluded_lines": [], "start_line": 158}, "": {"executed_lines": [1, 2, 4, 6, 7, 12, 15, 16, 21, 25, 31, 71, 86, 90, 91, 111, 153, 158], "summary": {"covered_lines": 18, "num_statements": 18, "percent_covered": 100.0, "percent_covered_display": "100", "missing_lines": 0, "excluded_lines": 0, "percent_statements_covered": 100.0, "percent_statements_covered_display": "100"}, "missing_lines": [], "excluded_lines": [], "start_line": 1}}, "classes": {"PortfolioService": {"executed_lines": [17, 18, 19, 22, 23, 26, 27, 29, 32, 33, 34, 36, 37, 38, 39, 41, 43, 44, 45, 46, 52, 53, 59, 61, 88, 95, 96, 97, 99, 100, 101, 106, 108, 109, 112, 113, 115, 116, 118, 120, 121, 122, 124, 125, 126, 128, 129, 135, 155, 156, 166, 168, 169, 170, 172, 173, 174, 176, 177, 178, 179, 180, 181, 183, 185, 188, 194], "summary": {"covered_lines": 67, "num_statements": 70, "percent_covered": 95.71428571428571, "percent_covered_display": "96", "missing_lines": 3, "excluded_lines": 0, "percent_statements_covered": 95.71428571428571, "percent_statements_covered_display": "96"}, "missing_lines": [28, 76, 186], "excluded_lines": [], "start_line": 15}, "": {"executed_lines": [1, 2, 4, 6, 7, 12, 15, 16, 21, 25, 31, 71, 86, 90, 91, 111, 153, 158], "summary": {"covered_lines": 18, "num_statements": 18, "percent_covered": 100.0, "percent_covered_display": "100", "missing_lines": 0, "excluded_lines": 0, "percent_statements_covered": 100.0, "percent_statements_covered_display": "100"}, "missing_lines": [], "excluded_lines": [], "start_line": 1}}}, "src\\consultor_investimentos\\services\\projection_service.py": {"executed_lines": [1, 2, 4, 10, 17, 20, 21, 23, 25, 32, 33, 35, 37, 38, 48, 49, 51, 52, 53, 54, 55, 56, 58, 60, 70, 76, 86, 92, 93, 95, 96, 98, 100, 101, 103, 104, 110, 111, 113, 123, 124, 125, 126, 127, 128], "summary": {"covered_lines": 45, "num_statements": 45, "percent_covered": 100.0, "percent_covered_display": "100", "missing_lines": 0, "excluded_lines": 0, "percent_statements_covered": 100.0, "percent_statements_covered_display": "100"}, "missing_lines": [], "excluded_lines": [], "functions": {"ProjectionService.monthly_rate": {"executed_lines": [23], "summary": {"covered_lines": 1, "num_statements": 1, "percent_covered": 100.0, "percent_covered_display": "100", "missing_lines": 0, "excluded_lines": 0, "percent_statements_covered": 100.0, "percent_statements_covered_display": "100"}, "missing_lines": [], "excluded_lines": [], "start_line": 21}, "ProjectionService.project_to_goal": {"executed_lines": [32, 33, 35, 37, 38, 48, 49, 51, 52, 53, 54, 55, 56, 58, 60], "summary": {"covered_lines": 15, "num_statements": 15, "percent_covered": 100.0, "percent_covered_display": "100", "missing_lines": 0, "excluded_lines": 0, "percent_statements_covered": 100.0, "percent_statements_covered_display": "100"}, "missing_lines": [], "excluded_lines": [], "start_line": 25}, "ProjectionService.project_all_scenarios": {"executed_lines": [76], "summary": {"covered_lines": 1, "num_statements": 1, "percent_covered": 100.0, "percent_covered_display": "100", "missing_lines": 0, "excluded_lines": 0, "percent_statements_covered": 100.0, "percent_statements_covered_display": "100"}, "missing_lines": [], "excluded_lines": [], "start_line": 70}, "ProjectionService.calculate_fire_metrics": {"executed_lines": [92, 93, 95, 96, 98, 100, 101, 103, 104, 110, 111, 113], "summary": {"covered_lines": 12, "num_statements": 12, "percent_covered": 100.0, "percent_covered_display": "100", "missing_lines": 0, "excluded_lines": 0, "percent_statements_covered": 100.0, "percent_statements_covered_display": "100"}, "missing_lines": [], "excluded_lines": [], "start_line": 86}, "ProjectionService._scenario_for_rate": {"executed_lines": [125, 126, 127, 128], "summary": {"covered_lines": 4, "num_statements": 4, "percent_covered": 100.0, "percent_covered_display": "100", "missing_lines": 0, "excluded_lines": 0, "percent_statements_covered": 100.0, "percent_statements_covered_display": "100"}, "missing_lines": [], "excluded_lines": [], "start_line": 124}, "": {"executed_lines": [1, 2, 4, 10, 17, 20, 21, 25, 70, 86, 123, 124], "summary": {"covered_lines": 12, "num_statements": 12, "percent_covered": 100.0, "percent_covered_display": "100", "missing_lines": 0, "excluded_lines": 0, "percent_statements_covered": 100.0, "percent_statements_covered_display": "100"}, "missing_lines": [], "excluded_lines": [], "start_line": 1}}, "classes": {"ProjectionService": {"executed_lines": [23, 32, 33, 35, 37, 38, 48, 49, 51, 52, 53, 54, 55, 56, 58, 60, 76, 92, 93, 95, 96, 98, 100, 101, 103, 104, 110, 111, 113, 125, 126, 127, 128], "summary": {"covered_lines": 33, "num_statements": 33, "percent_covered": 100.0, "percent_covered_display": "100", "missing_lines": 0, "excluded_lines": 0, "percent_statements_covered": 100.0, "percent_statements_covered_display": "100"}, "missing_lines": [], "excluded_lines": [], "start_line": 17}, "": {"executed_lines": [1, 2, 4, 10, 17, 20, 21, 25, 70, 86, 123, 124], "summary": {"covered_lines": 12, "num_statements": 12, "percent_covered": 100.0, "percent_covered_display": "100", "missing_lines": 0, "excluded_lines": 0, "percent_statements_covered": 100.0, "percent_statements_covered_display": "100"}, "missing_lines": [], "excluded_lines": [], "start_line": 1}}}, "src\\consultor_investimentos\\services\\settings_service.py": {"executed_lines": [1, 3, 4, 5, 6, 9, 19, 20, 21, 22, 24, 25, 26, 39, 40, 42, 43, 44, 46, 48, 56, 57, 60, 64, 72, 74, 75, 76, 88, 89, 91, 92], "summary": {"covered_lines": 32, "num_statements": 33, "percent_covered": 96.96969696969697, "percent_covered_display": "97", "missing_lines": 1, "excluded_lines": 0, "percent_statements_covered": 96.96969696969697, "percent_statements_covered_display": "97"}, "missing_lines": [45], "excluded_lines": [], "functions": {"SettingsService.__init__": {"executed_lines": [21, 22], "summary": {"covered_lines": 2, "num_statements": 2, "percent_covered": 100.0, "percent_covered_display": "100", "missing_lines": 0, "excluded_lines": 0, "percent_statements_covered": 100.0, "percent_statements_covered_display": "100"}, "missing_lines": [], "excluded_lines": [], "start_line": 20}, "SettingsService.get_settings": {"executed_lines": [25, 26], "summary": {"covered_lines": 2, "num_statements": 2, "percent_covered": 100.0, "percent_covered_display": "100", "missing_lines": 0, "excluded_lines": 0, "percent_statements_covered": 100.0, "percent_statements_covered_display": "100"}, "missing_lines": [], "excluded_lines": [], "start_line": 24}, "SettingsService.update_settings": {"executed_lines": [40], "summary": {"covered_lines": 1, "num_statements": 1, "percent_covered": 100.0, "percent_covered_display": "100", "missing_lines": 0, "excluded_lines": 0, "percent_statements_covered": 100.0, "percent_statements_covered_display": "100"}, "missing_lines": [], "excluded_lines": [], "start_line": 39}, "SettingsService.get_target_pct": {"executed_lines": [43, 44, 46], "summary": {"covered_lines": 3, "num_statements": 4, "percent_covered": 75.0, "percent_covered_display": "75", "missing_lines": 1, "excluded_lines": 0, "percent_statements_covered": 75.0, "percent_statements_covered_display": "75"}, "missing_lines": [45], "excluded_lines": [], "start_line": 42}, "SettingsService.create_asset": {"executed_lines": [56, 57, 60, 64, 72], "summary": {"covered_lines": 5, "num_statements": 5, "percent_covered": 100.0, "percent_covered_display": "100", "missing_lines": 0, "excluded_lines": 0, "percent_statements_covered": 100.0, "percent_statements_covered_display": "100"}, "missing_lines": [], "excluded_lines": [], "start_line": 48}, "SettingsService.get_active_assets": {"executed_lines": [75, 76], "summary": {"covered_lines": 2, "num_statements": 2, "percent_covered": 100.0, "percent_covered_display": "100", "missing_lines": 0, "excluded_lines": 0, "percent_statements_covered": 100.0, "percent_statements_covered_display": "100"}, "missing_lines": [], "excluded_lines": [], "start_line": 74}, "SettingsService.update_asset": {"executed_lines": [89], "summary": {"covered_lines": 1, "num_statements": 1, "percent_covered": 100.0, "percent_covered_display": "100", "missing_lines": 0, "excluded_lines": 0, "percent_statements_covered": 100.0, "percent_statements_covered_display": "100"}, "missing_lines": [], "excluded_lines": [], "start_line": 88}, "SettingsService.deactivate_asset": {"executed_lines": [92], "summary": {"covered_lines": 1, "num_statements": 1, "percent_covered": 100.0, "percent_covered_display": "100", "missing_lines": 0, "excluded_lines": 0, "percent_statements_covered": 100.0, "percent_statements_covered_display": "100"}, "missing_lines": [], "excluded_lines": [], "start_line": 91}, "": {"executed_lines": [1, 3, 4, 5, 6, 9, 19, 20, 24, 39, 42, 48, 74, 88, 91], "summary": {"covered_lines": 15, "num_statements": 15, "percent_covered": 100.0, "percent_covered_display": "100", "missing_lines": 0, "excluded_lines": 0, "percent_statements_covered": 100.0, "percent_statements_covered_display": "100"}, "missing_lines": [], "excluded_lines": [], "start_line": 1}}, "classes": {"SettingsService": {"executed_lines": [21, 22, 25, 26, 40, 43, 44, 46, 56, 57, 60, 64, 72, 75, 76, 89, 92], "summary": {"covered_lines": 17, "num_statements": 18, "percent_covered": 94.44444444444444, "percent_covered_display": "94", "missing_lines": 1, "excluded_lines": 0, "percent_statements_covered": 94.44444444444444, "percent_statements_covered_display": "94"}, "missing_lines": [45], "excluded_lines": [], "start_line": 19}, "": {"executed_lines": [1, 3, 4, 5, 6, 9, 19, 20, 24, 39, 42, 48, 74, 88, 91], "summary": {"covered_lines": 15, "num_statements": 15, "percent_covered": 100.0, "percent_covered_display": "100", "missing_lines": 0, "excluded_lines": 0, "percent_statements_covered": 100.0, "percent_statements_covered_display": "100"}, "missing_lines": [], "excluded_lines": [], "start_line": 1}}}, "src\\consultor_investimentos\\services\\snapshot_service.py": {"executed_lines": [1, 2, 4, 6, 7, 13, 16, 17, 18, 19, 20, 21, 23, 28, 29, 30, 32, 33, 35, 41, 43, 45, 46, 48, 53, 54, 63, 64, 65, 66, 68, 72, 73, 74, 75, 77, 78, 79, 83, 84, 85, 87, 88, 90, 92, 93, 94, 96, 99, 112, 119, 121, 122, 123, 124, 125, 126, 129], "summary": {"covered_lines": 58, "num_statements": 64, "percent_covered": 90.625, "percent_covered_display": "91", "missing_lines": 6, "excluded_lines": 0, "percent_statements_covered": 90.625, "percent_statements_covered_display": "91"}, "missing_lines": [80, 81, 89, 97, 127, 128], "excluded_lines": [], "functions": {"SnapshotService.__init__": {"executed_lines": [18, 19, 20, 21], "summary": {"covered_lines": 4, "num_statements": 4, "percent_covered": 100.0, "percent_covered_display": "100", "missing_lines": 0, "excluded_lines": 0, "percent_statements_covered": 100.0, "percent_statements_covered_display": "100"}, "missing_lines": [], "excluded_lines": [], "start_line": 17}, "SnapshotService.try_auto_snapshot": {"executed_lines": [28, 29, 30, 32, 33], "summary": {"covered_lines": 5, "num_statements": 5, "percent_covered": 100.0, "percent_covered_display": "100", "missing_lines": 0, "excluded_lines": 0, "percent_statements_covered": 100.0, "percent_statements_covered_display": "100"}, "missing_lines": [], "excluded_lines": [], "start_line": 23}, "SnapshotService.ensure_snapshot_for_today": {"executed_lines": [41], "summary": {"covered_lines": 1, "num_statements": 1, "percent_covered": 100.0, "percent_covered_display": "100", "missing_lines": 0, "excluded_lines": 0, "percent_statements_covered": 100.0, "percent_statements_covered_display": "100"}, "missing_lines": [], "excluded_lines": [], "start_line": 35}, "SnapshotService.create_manual_snapshot": {"executed_lines": [45, 46], "summary": {"covered_lines": 2, "num_statements": 2, "percent_covered": 100.0, "percent_covered_display": "100", "missing_lines": 0, "excluded_lines": 0, "percent_statements_covered": 100.0, "percent_statements_covered_display": "100"}, "missing_lines": [], "excluded_lines": [], "start_line": 43}, "SnapshotService.get_history": {"executed_lines": [53, 54], "summary": {"covered_lines": 2, "num_statements": 2, "percent_covered": 100.0, "percent_covered_display": "100", "missing_lines": 0, "excluded_lines": 0, "percent_statements_covered": 100.0, "percent_statements_covered_display": "100"}, "missing_lines": [], "excluded_lines": [], "start_line": 48}, "SnapshotService._create_snapshot": {"executed_lines": [64, 65, 66, 68, 72, 73, 74, 75, 77, 78, 79, 83, 84, 85, 87, 88, 90, 92, 93, 94, 96, 99, 112], "summary": {"covered_lines": 23, "num_statements": 27, "percent_covered": 85.18518518518519, "percent_covered_display": "85", "missing_lines": 4, "excluded_lines": 0, "percent_statements_covered": 85.18518518518519, "percent_statements_covered_display": "85"}, "missing_lines": [80, 81, 89, 97], "excluded_lines": [], "start_line": 63}, "SnapshotService._current_quantity": {"executed_lines": [121, 122, 123, 124, 125, 126, 129], "summary": {"covered_lines": 7, "num_statements": 9, "percent_covered": 77.77777777777777, "percent_covered_display": "78", "missing_lines": 2, "excluded_lines": 0, "percent_statements_covered": 77.77777777777777, "percent_statements_covered_display": "78"}, "missing_lines": [127, 128], "excluded_lines": [], "start_line": 119}, "": {"executed_lines": [1, 2, 4, 6, 7, 13, 16, 17, 23, 35, 43, 48, 63, 119], "summary": {"covered_lines": 14, "num_statements": 14, "percent_covered": 100.0, "percent_covered_display": "100", "missing_lines": 0, "excluded_lines": 0, "percent_statements_covered": 100.0, "percent_statements_covered_display": "100"}, "missing_lines": [], "excluded_lines": [], "start_line": 1}}, "classes": {"SnapshotService": {"executed_lines": [18, 19, 20, 21, 28, 29, 30, 32, 33, 41, 45, 46, 53, 54, 64, 65, 66, 68, 72, 73, 74, 75, 77, 78, 79, 83, 84, 85, 87, 88, 90, 92, 93, 94, 96, 99, 112, 121, 122, 123, 124, 125, 126, 129], "summary": {"covered_lines": 44, "num_statements": 50, "percent_covered": 88.0, "percent_covered_display": "88", "missing_lines": 6, "excluded_lines": 0, "percent_statements_covered": 88.0, "percent_statements_covered_display": "88"}, "missing_lines": [80, 81, 89, 97, 127, 128], "excluded_lines": [], "start_line": 16}, "": {"executed_lines": [1, 2, 4, 6, 7, 13, 16, 17, 23, 35, 43, 48, 63, 119], "summary": {"covered_lines": 14, "num_statements": 14, "percent_covered": 100.0, "percent_covered_display": "100", "missing_lines": 0, "excluded_lines": 0, "percent_statements_covered": 100.0, "percent_statements_covered_display": "100"}, "missing_lines": [], "excluded_lines": [], "start_line": 1}}}, "src\\consultor_investimentos\\services\\transaction_service.py": {"executed_lines": [1, 2, 4, 6, 7, 12, 14, 21, 22, 23, 24, 25, 27, 47, 48, 49, 50, 51, 56, 67, 68, 74, 75, 76, 77, 78, 79, 80, 81, 82, 83, 85, 86, 90, 91, 93, 95, 96, 97, 98, 99, 101, 103, 104, 105, 106, 107, 109, 111, 112, 113, 114, 115, 116, 117, 118, 119, 121, 122, 123], "summary": {"covered_lines": 60, "num_statements": 61, "percent_covered": 98.36065573770492, "percent_covered_display": "98", "missing_lines": 1, "excluded_lines": 0, "percent_statements_covered": 98.36065573770492, "percent_statements_covered_display": "98"}, "missing_lines": [88], "excluded_lines": [], "functions": {"TransactionService.__init__": {"executed_lines": [23, 24, 25], "summary": {"covered_lines": 3, "num_statements": 3, "percent_covered": 100.0, "percent_covered_display": "100", "missing_lines": 0, "excluded_lines": 0, "percent_statements_covered": 100.0, "percent_statements_covered_display": "100"}, "missing_lines": [], "excluded_lines": [], "start_line": 22}, "TransactionService.register": {"executed_lines": [47, 48, 49, 50, 51, 56, 67, 68, 74, 75, 76, 77, 78, 79, 80, 81, 82, 83], "summary": {"covered_lines": 18, "num_statements": 18, "percent_covered": 100.0, "percent_covered_display": "100", "missing_lines": 0, "excluded_lines": 0, "percent_statements_covered": 100.0, "percent_statements_covered_display": "100"}, "missing_lines": [], "excluded_lines": [], "start_line": 27}, "TransactionService.should_trigger_snapshot": {"executed_lines": [], "summary": {"covered_lines": 0, "num_statements": 1, "percent_covered": 0.0, "percent_covered_display": "0", "missing_lines": 1, "excluded_lines": 0, "percent_statements_covered": 0.0, "percent_statements_covered_display": "0"}, "missing_lines": [88], "excluded_lines": [], "start_line": 86}, "TransactionService.delete": {"executed_lines": [91], "summary": {"covered_lines": 1, "num_statements": 1, "percent_covered": 100.0, "percent_covered_display": "100", "missing_lines": 0, "excluded_lines": 0, "percent_statements_covered": 100.0, "percent_statements_covered_display": "100"}, "missing_lines": [], "excluded_lines": [], "start_line": 90}, "TransactionService.list_by_asset": {"executed_lines": [95, 96, 97, 98, 99], "summary": {"covered_lines": 5, "num_statements": 5, "percent_covered": 100.0, "percent_covered_display": "100", "missing_lines": 0, "excluded_lines": 0, "percent_stat
[...]
src\\consultor_investimentos\\ui\\pages\\dashboard.py": {"executed_lines": [], "summary": {"covered_lines": 0, "num_statements": 126, "percent_covered": 0.0, "percent_covered_display": "0", "missing_lines": 126, "excluded_lines": 0, "percent_statements_covered": 0.0, "percent_statements_covered_display": "0"}, "missing_lines": [7, 9, 10, 11, 12, 13, 14, 15, 16, 22, 27, 30, 31, 34, 35, 36, 37, 41, 46, 49, 50, 51, 52, 56, 57, 58, 61, 62, 64, 65, 70, 73, 75, 76, 83, 84, 85, 86, 91, 98, 99, 100, 101, 102, 103, 104, 110, 111, 113, 115, 116, 117, 118, 125, 127, 130, 132, 133, 134, 136, 137, 138, 139, 141, 146, 149, 151, 160, 161, 163, 171, 173, 179, 181, 182, 183, 184, 185, 190, 191, 192, 194, 195, 197, 200, 202, 203, 206, 207, 208, 209, 210, 211, 215, 216, 217, 218, 219, 222, 223, 224, 225, 226, 227, 228, 229, 230, 232, 233, 234, 235, 236, 237, 238, 239, 240, 241, 243, 246, 248, 250, 251, 259, 260, 269, 271], "excluded_lines": [], "functions": {"": {"executed_lines": [], "summary": {"covered_lines": 0, "num_statements": 126, "percent_covered": 0.0, "percent_covered_display": "0", "missing_lines": 126, "excluded_lines": 0, "percent_statements_covered": 0.0, "percent_statements_covered_display": "0"}, "missing_lines": [7, 9, 10, 11, 12, 13, 14, 15, 16, 22, 27, 30, 31, 34, 35, 36, 37, 41, 46, 49, 50, 51, 52, 56, 57, 58, 61, 62, 64, 65, 70, 73, 75, 76, 83, 84, 85, 86, 91, 98, 99, 100, 101, 102, 103, 104, 110, 111, 113, 115, 116, 117, 118, 125, 127, 130, 132, 133, 134, 136, 137, 138, 139, 141, 146, 149, 151, 160, 161, 163, 171, 173, 179, 181, 182, 183, 184, 185, 190, 191, 192, 194, 195, 197, 200, 202, 203, 206, 207, 208, 209, 210, 211, 215, 216, 217, 218, 219, 222, 223, 224, 225, 226, 227, 228, 229, 230, 232, 233, 234, 235, 236, 237, 238, 239, 240, 241, 243, 246, 248, 250, 251, 259, 260, 269, 271], "excluded_lines": [], "start_line": 1}}, "classes": {"": {"executed_lines": [], "summary": {"covered_lines": 0, "num_statements": 126, "percent_covered": 0.0, "percent_covered_display": "0", "missing_lines": 126, "excluded_lines": 0, "percent_statements_covered": 0.0, "percent_statements_covered_display": "0"}, "missing_lines": [7, 9, 10, 11, 12, 13, 14, 15, 16, 22, 27, 30, 31, 34, 35, 36, 37, 41, 46, 49, 50, 51, 52, 56, 57, 58, 61, 62, 64, 65, 70, 73, 75, 76, 83, 84, 85, 86, 91, 98, 99, 100, 101, 102, 103, 104, 110, 111, 113, 115, 116, 117, 118, 125, 127, 130, 132, 133, 134, 136, 137, 138, 139, 141, 146, 149, 151, 160, 161, 163, 171, 173, 179, 181, 182, 183, 184, 185, 190, 191, 192, 194, 195, 197, 200, 202, 203, 206, 207, 208, 209, 210, 211, 215, 216, 217, 218, 219, 222, 223, 224, 225, 226, 227, 228, 229, 230, 232, 233, 234, 235, 236, 237, 238, 239, 240, 241, 243, 246, 248, 250, 251, 259, 260, 269, 271], "excluded_lines": [], "start_line": 1}}}, "src\\consultor_investimentos\\ui\\pages\\goals.py": {"executed_lines": [], "summary": {"covered_lines": 0, "num_statements": 211, "percent_covered": 0.0, "percent_covered_display": "0", "missing_lines": 211, "excluded_lines": 0, "percent_statements_covered": 0.0, "percent_statements_covered_display": "0"}, "missing_lines": [2, 3, 5, 7, 8, 9, 10, 11, 12, 13, 14, 15, 24, 25, 26, 27, 29, 32, 33, 34, 35, 41, 48, 49, 52, 53, 54, 55, 56, 61, 62, 67, 69, 70, 74, 75, 76, 78, 82, 85, 87, 88, 89, 90, 92, 93, 94, 95, 96, 97, 98, 99, 100, 101, 102, 104, 105, 106, 108, 109, 110, 111, 116, 117, 118, 119, 120, 123, 124, 126, 127, 128, 130, 132, 133, 134, 135, 137, 138, 139, 140, 141, 142, 143, 144, 146, 147, 148, 149, 150, 151, 152, 153, 156, 157, 162, 165, 166, 170, 171, 177, 178, 179, 180, 182, 183, 184, 186, 187, 188, 190, 191, 192, 195, 196, 197, 198, 199, 207, 208, 209, 210, 211, 212, 214, 215, 216, 217, 219, 220, 222, 223, 224, 226, 227, 228, 229, 230, 231, 232, 239, 246, 247, 254, 259, 260, 261, 262, 263, 266, 267, 268, 272, 273, 274, 275, 276, 277, 278, 279, 280, 281, 282, 283, 284, 287, 288, 289, 290, 291, 292, 293, 294, 295, 296, 297, 299, 302, 305, 306, 307, 308, 309, 311, 312, 313, 315, 317, 318, 320, 321, 323, 324, 325, 326, 327, 328, 329, 331, 332, 333, 334, 335, 337, 338, 348, 349, 360, 365, 371, 372], "excluded_lines": [], "functions": {"": {"executed_lines": [], "summary": {"covered_lines": 0, "num_statements": 211, "percent_covered": 0.0, "percent_covered_display": "0", "missing_lines": 211, "excluded_lines": 0, "percent_statements_covered": 0.0, "percent_statements_covered_display": "0"}, "missing_lines": [2, 3, 5, 7, 8, 9, 10, 11, 12, 13, 14, 15, 24, 25, 26, 27, 29, 32, 33, 34, 35, 41, 48, 49, 52, 53, 54, 55, 56, 61, 62, 67, 69, 70, 74, 75, 76, 78, 82, 85, 87, 88, 89, 90, 92, 93, 94, 95, 96, 97, 98, 99, 100, 101, 102, 104, 105, 106, 108, 109, 110, 111, 116, 117, 118, 119, 120, 123, 124, 126, 127, 128, 130, 132, 133, 134, 135, 137, 138, 139, 140, 141, 142, 143, 144, 146, 147, 148, 149, 150, 151, 152, 153, 156, 157, 162, 165, 166, 170, 171, 177, 178, 179, 180, 182, 183, 184, 186, 187, 188, 190, 191, 192, 195, 196, 197, 198, 199, 207, 208, 209, 210, 211, 212, 214, 215, 216, 217, 219, 220, 222, 223, 224, 226, 227, 228, 229, 230, 231, 232, 239, 246, 247, 254, 259, 260, 261, 262, 263, 266, 267, 268, 272, 273, 274, 275, 276, 277, 278, 279, 280, 281, 282, 283, 284, 287, 288, 289, 290, 291, 292, 293, 294, 295, 296, 297, 299, 302, 305, 306, 307, 308, 309, 311, 312, 313, 315, 317, 318, 320, 321, 323, 324, 325, 326, 327, 328, 329, 331, 332, 333, 334, 335, 337, 338, 348, 349, 360, 365, 371, 372], "excluded_lines": [], "start_line": 1}}, "classes": {"": {"executed_lines": [], "summary": {"covered_lines": 0, "num_statements": 211, "percent_covered": 0.0, "percent_covered_display": "0", "missing_lines": 211, "excluded_lines": 0, "percent_statements_covered": 0.0, "percent_statements_covered_display": "0"}, "missing_lines": [2, 3, 5, 7, 8, 9, 10, 11, 12, 13, 14, 15, 24, 25, 26, 27, 29, 32, 33, 34, 35, 41, 48, 49, 52, 53, 54, 55, 56, 61, 62, 67, 69, 70, 74, 75, 76, 78, 82, 85, 87, 88, 89, 90, 92, 93, 94, 95, 96, 97, 98, 99, 100, 101, 102, 104, 105, 106, 108, 109, 110, 111, 116, 117, 118, 119, 120, 123, 124, 126, 127, 128, 130, 132, 133, 134, 135, 137, 138, 139, 140, 141, 142, 143, 144, 146, 147, 148, 149, 150, 151, 152, 153, 156, 157, 162, 165, 166, 170, 171, 177, 178, 179, 180, 182, 183, 184, 186, 187, 188, 190, 191, 192, 195, 196, 197, 198, 199, 207, 208, 209, 210, 211, 212, 214, 215, 216, 217, 219, 220, 222, 223, 224, 226, 227, 228, 229, 230, 231, 232, 239, 246, 247, 254, 259, 260, 261, 262, 263, 266, 267, 268, 272, 273, 274, 275, 276, 277, 278, 279, 280, 281, 282, 283, 284, 287, 288, 289, 290, 291, 292, 293, 294, 295, 296, 297, 299, 302, 305, 306, 307, 308, 309, 311, 312, 313, 315, 317, 318, 320, 321, 323, 324, 325, 326, 327, 328, 329, 331, 332, 333, 334, 335, 337, 338, 348, 349, 360, 365, 371, 372], "excluded_lines": [], "start_line": 1}}}, "src\\consultor_investimentos\\ui\\pages\\history.py": {"executed_lines": [], "summary": {"covered_lines": 0, "num_statements": 3, "percent_covered": 0.0, "percent_covered_display": "0", "missing_lines": 3, "excluded_lines": 0, "percent_statements_covered": 0.0, "percent_statements_covered_display": "0"}, "missing_lines": [1, 3, 4], "excluded_lines": [], "functions": {"": {"executed_lines": [], "summary": {"covered_lines": 0, "num_statements": 3, "percent_covered": 0.0, "percent_covered_display": "0", "missing_lines": 3, "excluded_lines": 0, "percent_statements_covered": 0.0, "percent_statements_covered_display": "0"}, "missing_lines": [1, 3, 4], "excluded_lines": [], "start_line": 1}}, "classes": {"": {"executed_lines": [], "summary": {"covered_lines": 0, "num_statements": 3, "percent_covered": 0.0, "percent_covered_display": "0", "missing_lines": 3, "excluded_lines": 0, "percent_statements_covered": 0.0, "percent_statements_covered_display": "0"}, "missing_lines": [1, 3, 4], "excluded_lines": [], "start_line": 1}}}, "src\\consultor_investimentos\\ui\\pages\\portfolio.py": {"executed_lines": [], "summary": {"covered_lines": 0, "num_statements": 154, "percent_covered": 0.0, "percent_covered_display": "0", "missing_lines": 154, "excluded_lines": 0, "percent_statements_covered": 0.0, "percent_statements_covered_display": "0"}, "missing_lines": [2, 3, 5, 7, 8, 9, 10, 11, 12, 19, 26, 27, 28, 29, 32, 33, 35, 37, 38, 41, 44, 45, 46, 52, 53, 54, 60, 61, 62, 63, 70, 73, 74, 75, 76, 77, 79, 80, 81, 82, 86, 89, 91, 92, 93, 94, 96, 103, 104, 105, 106, 107, 108, 109, 110, 112, 113, 114, 115, 116, 117, 118, 119, 121, 122, 124, 127, 128, 129, 130, 135, 140, 142, 143, 144, 145, 146, 147, 148, 153, 156, 157, 158, 161, 162, 163, 168, 174, 176, 177, 178, 179, 180, 182, 183, 184, 189, 190, 191, 192, 195, 196, 198, 199, 203, 204, 209, 210, 212, 213, 214, 215, 220, 221, 222, 223, 224, 225, 226, 227, 228, 229, 230, 231, 234, 235, 236, 237, 239, 240, 241, 243, 244, 245, 246, 247, 248, 250, 251, 253, 254, 255, 260, 262, 263, 264, 265, 266, 267, 268, 273, 276, 277, 278], "excluded_lines": [], "functions": {"": {"executed_lines": [], "summary": {"covered_lines": 0, "num_statements": 154, "percent_covered": 0.0, "percent_covered_display": "0", "missing_lines": 154, "excluded_lines": 0, "percent_statements_covered": 0.0, "percent_statements_covered_display": "0"}, "missing_lines": [2, 3, 5, 7, 8, 9, 10, 11, 12, 19, 26, 27, 28, 29, 32, 33, 35, 37, 38, 41, 44, 45, 46, 52, 53, 54, 60, 61, 62, 63, 70, 73, 74, 75, 76, 77, 79, 80, 81, 82, 86, 89, 91, 92, 93, 94, 96, 103, 104, 105, 106, 107, 108, 109, 110, 112, 113, 114, 115, 116, 117, 118, 119, 121, 122, 124, 127, 128, 129, 130, 135, 140, 142, 143, 144, 145, 146, 147, 148, 153, 156, 157, 158, 161, 162, 163, 168, 174, 176, 177, 178, 179, 180, 182, 183, 184, 189, 190, 191, 192, 195, 196, 198, 199, 203, 204, 209, 210, 212, 213, 214, 215, 220, 221, 222, 223, 224, 225, 226, 227, 228, 229, 230, 231, 234, 235, 236, 237, 239, 240, 241, 243, 244, 245, 246, 247, 248, 250, 251, 253, 254, 255, 260, 262, 263, 264, 265, 266, 267, 268, 273, 276, 277, 278], "excluded_lines": [], "start_line": 1}}, "classes": {"": {"executed_lines": [], "summary": {"covered_lines": 0, "num_statements": 154, "percent_covered": 0.0, "percent_covered_display": "0", "missing_lines": 154, "excluded_lines": 0, "percent_statements_covered": 0.0, "percent_statements_covered_display": "0"}, "missing_lines": [2, 3, 5, 7, 8, 9, 10, 11, 12, 19, 26, 27, 28, 29, 32, 33, 35, 37, 38, 41, 44, 45, 46, 52, 53, 54, 60, 61, 62, 63, 70, 73, 74, 75, 76, 77, 79, 80, 81, 82, 86, 89, 91, 92, 93, 94, 96, 103, 104, 105, 106, 107, 108, 109, 110, 112, 113, 114, 115, 116, 117, 118, 119, 121, 122, 124, 127, 128, 129, 130, 135, 140, 142, 143, 144, 145, 146, 147, 148, 153, 156, 157, 158, 161, 162, 163, 168, 174, 176, 177, 178, 179, 180, 182, 183, 184, 189, 190, 191, 192, 195, 196, 198, 199, 203, 204, 209, 210, 212, 213, 214, 215, 220, 221, 222, 223, 224, 225, 226, 227, 228, 229, 230, 231, 234, 235, 236, 237, 239, 240, 241, 243, 244, 245, 246, 247, 248, 250, 251, 253, 254, 255, 260, 262, 263, 264, 265, 266, 267, 268, 273, 276, 277, 278], "excluded_lines": [], "start_line": 1}}}, "src\\consultor_investimentos\\ui\\pages\\settings.py": {"executed_lines": [], "summary": {"covered_lines": 0, "num_statements": 234, "percent_covered": 0.0, "percent_covered_display": "0", "missing_lines": 234, "excluded_lines": 0, "percent_statements_covered": 0.0, "percent_statements_covered_display": "0"}, "missing_lines": [2, 3, 5, 7, 8, 9, 10, 11, 12, 13, 20, 26, 27, 30, 31, 32, 33, 34, 36, 37, 40, 42, 43, 44, 45, 46, 47, 49, 50, 51, 52, 53, 54, 55, 57, 60, 62, 63, 64, 65, 73, 74, 82, 83, 84, 85, 89, 90, 91, 92, 94, 95, 96, 98, 101, 102, 104, 105, 107, 108, 109, 110, 111, 112, 113, 114, 115, 116, 117, 118, 120, 121, 122, 123, 124, 126, 127, 128, 130, 131, 132, 133, 141, 142, 143, 144, 146, 149, 151, 152, 153, 154, 155, 156, 157, 158, 159, 160, 163, 164, 165, 167, 168, 170, 175, 176, 178, 179, 180, 182, 188, 194, 196, 197, 199, 200, 201, 202, 204, 205, 206, 207, 208, 209, 210, 211, 212, 213, 214, 216, 220, 221, 222, 223, 224, 226, 227, 228, 230, 231, 232, 233, 235, 236, 237, 238, 239, 240, 241, 242, 243, 245, 246, 247, 249, 250, 251, 258, 259, 260, 261, 262, 271, 277, 278, 279, 280, 281, 284, 285, 286, 288, 289, 290, 291, 292, 293, 295, 297, 299, 300, 301, 303, 304, 305, 306, 308, 309, 310, 311, 312, 313, 314, 316, 317, 318, 319, 321, 322, 323, 324, 325, 326, 328, 329, 330, 331, 332, 333, 334, 335, 336, 339, 340, 344, 345, 346, 349, 350, 351, 352, 353, 354, 355, 356, 357, 359, 360, 361, 366, 367, 368, 369, 370], "excluded_lines": [], "functions": {"": {"executed_lines": [], "summary": {"covered_lines": 0, "num_statements": 234, "percent_covered": 0.0, "percent_covered_display": "0", "missing_lines": 234, "excluded_lines": 0, "percent_statements_covered": 0.0, "percent_statements_covered_display": "0"}, "missing_lines": [2, 3, 5, 7, 8, 9, 10, 11, 12, 13, 20, 26, 27, 30, 31, 32, 33, 34, 36, 37, 40, 42, 43, 44, 45, 46, 47, 49, 50, 51, 52, 53, 54, 55, 57, 60, 62, 63, 64, 65, 73, 74, 82, 83, 84, 85, 89, 90, 91, 92, 94, 95, 96, 98, 101, 102, 104, 105, 107, 108, 109, 110, 111, 112, 113, 114, 115, 116, 117, 118, 120, 121, 122, 123, 124, 126, 127, 128, 130, 131, 132, 133, 141, 142, 143, 144, 146, 149, 151, 152, 153, 154, 155, 156, 157, 158, 159, 160, 163, 164, 165, 167, 168, 170, 175, 176, 178, 179, 180, 182, 188, 194, 196, 197, 199, 200, 201, 202, 204, 205, 206, 207, 208, 209, 210, 211, 212, 213, 214, 216, 220, 221, 222, 223, 224, 226, 227, 228, 230, 231, 232, 233, 235, 236, 237, 238, 239, 240, 241, 242, 243, 245, 246, 247, 249, 250, 251, 258, 259, 260, 261, 262, 271, 277, 278, 279, 280, 281, 284, 285, 286, 288, 289, 290, 291, 292, 293, 295, 297, 299, 300, 301, 303, 304, 305, 306, 308, 309, 310, 311, 312, 313, 314, 316, 317, 318, 319, 321, 322, 323, 324, 325, 326, 328, 329, 330, 331, 332, 333, 334, 335, 336, 339, 340, 344, 345, 346, 349, 350, 351, 352, 353, 354, 355, 356, 357, 359, 360, 361, 366, 367, 368, 369, 370], "excluded_lines": [], "start_line": 1}}, "classes": {"": {"executed_lines": [], "summary": {"covered_lines": 0, "num_statements": 234, "percent_covered": 0.0, "percent_covered_display": "0", "missing_lines": 234, "excluded_lines": 0, "percent_statements_covered": 0.0, "percent_statements_covered_display": "0"}, "missing_lines": [2, 3, 5, 7, 8, 9, 10, 11, 12, 13, 20, 26, 27, 30, 31, 32, 33, 34, 36, 37, 40, 42, 43, 44, 45, 46, 47, 49, 50, 51, 52, 53, 54, 55, 57, 60, 62, 63, 64, 65, 73, 74, 82, 83, 84, 85, 89, 90, 91, 92, 94, 95, 96, 98, 101, 102, 104, 105, 107, 108, 109, 110, 111, 112, 113, 114, 115, 116, 117, 118, 120, 121, 122, 123, 124, 126, 127, 128, 130, 131, 132, 133, 141, 142, 143, 144, 146, 149, 151, 152, 153, 154, 155, 156, 157, 158, 159, 160, 163, 164, 165, 167, 168, 170, 175, 176, 178, 179, 180, 182, 188, 194, 196, 197, 199, 200, 201, 202, 204, 205, 206, 207, 208, 209, 210, 211, 212, 213, 214, 216, 220, 221, 222, 223, 224, 226, 227, 228, 230, 231, 232, 233, 235, 236, 237, 238, 239, 240, 241, 242, 243, 245, 246, 247, 249, 250, 251, 258, 259, 260, 261, 262, 271, 277, 278, 279, 280, 281, 284, 285, 286, 288, 289, 290, 291, 292, 293, 295, 297, 299, 300, 301, 303, 304, 305, 306, 308, 309, 310, 311, 312, 313, 314, 316, 317, 318, 319, 321, 322, 323, 324, 325, 326, 328, 329, 330, 331, 332, 333, 334, 335, 336, 339, 340, 344, 345, 346, 349, 350, 351, 352, 353, 354, 355, 356, 357, 359, 360, 361, 366, 367, 368, 369, 370], "excluded_lines": [], "start_line": 1}}}, "src\\consultor_investimentos\\ui\\pages\\transactions.py": {"executed_lines": [], "summary": {"covered_lines": 0, "num_statements": 156, "percent_covered": 0.0, "percent_covered_display": "0", "missing_lines": 156, "excluded_lines": 0, "percent_statements_covered": 0.0, "percent_statements_covered_display": "0"}, "missing_lines": [2, 3, 5, 7, 12, 13, 14, 15, 16, 17, 24, 26, 38, 39, 40, 41, 43, 46, 47, 49, 50, 53, 56, 57, 58, 60, 61, 63, 69, 71, 72, 73, 75, 76, 79, 80, 81, 83, 86, 88, 93, 94, 100, 102, 103, 106, 107, 108, 110, 112, 114, 115, 118, 119, 120, 121, 123, 124, 125, 126, 133, 134, 135, 142, 144, 145, 146, 148, 149, 151, 158, 161, 169, 170, 172, 173, 184, 186, 190, 192, 193, 195, 196, 197, 198, 199, 201, 203, 204, 206, 208, 209, 211, 212, 213, 214, 225, 226, 228, 229, 230, 232, 233, 236, 237, 238, 239, 240, 242, 245, 246, 248, 249, 250, 253, 254, 255, 256, 258, 260, 262, 263, 264, 266, 267, 271, 272, 273, 274, 275, 276, 277, 278, 281, 282, 283, 284, 285, 286, 287, 288, 289, 290, 292, 293, 294, 295, 296, 297, 298, 299, 301, 302, 304, 305, 306], "excluded_lines": [], "functions": {"": {"executed_lines": [], "summary": {"covered_lines": 0, "num_statements": 156, "percent_covered": 0.0, "percent_covered_display": "0", "missing_lines": 156, "excluded_lines": 0, "percent_statements_covered": 0.0, "percent_statements_covered_display": "0"}, "missing_lines": [2, 3, 5, 7, 12, 13, 14, 15, 16, 17, 24, 26, 38, 39, 40, 41, 43, 46, 47, 49, 50, 53, 56, 57, 58, 60, 61, 63, 69, 71, 72, 73, 75, 76, 79, 80, 81, 83, 86, 88, 93, 94, 100, 102, 103, 106, 107, 108, 110, 112, 114, 115, 118, 119, 120, 121, 123, 124, 125, 126, 133, 134, 135, 142, 144, 145, 146, 148, 149, 151, 158, 161, 169, 170, 172, 173, 184, 186, 190, 192, 193, 195, 196, 197, 198, 199, 201, 203, 204, 206, 208, 209, 211, 212, 213, 214, 225, 226, 228, 229, 230, 232, 233, 236, 237, 238, 239, 240, 242, 245, 246, 248, 249, 250, 253, 254, 255, 256, 258, 260, 262, 263, 264, 266, 267, 271, 272, 273, 274, 275, 276, 277, 278, 281, 282, 283, 284, 285, 286, 287, 288, 289, 290, 292, 293, 294, 295, 296, 297, 298, 299, 301, 302, 304, 305, 306], "excluded_lines": [], "start_line": 1}}, "classes": {"": {"executed_lines": [], "summary": {"covered_lines": 0, "num_statements": 156, "percent_covered": 0.0, "percent_covered_display": "0", "missing_lines": 156, "excluded_lines": 0, "percent_statements_covered": 0.0, "percent_statements_covered_display": "0"}, "missing_lines": [2, 3, 5, 7, 12, 13, 14, 15, 16, 17, 24, 26, 38, 39, 40, 41, 43, 46, 47, 49, 50, 53, 56, 57, 58, 60, 61, 63, 69, 71, 72, 73, 75, 76, 79, 80, 81, 83, 86, 88, 93, 94, 100, 102, 103, 106, 107, 108, 110, 112, 114, 115, 118, 119, 120, 121, 123, 124, 125, 126, 133, 134, 135, 142, 144, 145, 146, 148, 149, 151, 158, 161, 169, 170, 172, 173, 184, 186, 190, 192, 193, 195, 196, 197, 198, 199, 201, 203, 204, 206, 208, 209, 211, 212, 213, 214, 225, 226, 228, 229, 230, 232, 233, 236, 237, 238, 239, 240, 242, 245, 246, 248, 249, 250, 253, 254, 255, 256, 258, 260, 262, 263, 264, 266, 267, 271, 272, 273, 274, 275, 276, 277, 278, 281, 282, 283, 284, 285, 286, 287, 288, 289, 290, 292, 293, 294, 295, 296, 297, 298, 299, 301, 302, 304, 305, 306], "excluded_lines": [], "start_line": 1}}}, "src\\consultor_investimentos\\ui\\state.py": {"executed_lines": [], "summary": {"covered_lines": 0, "num_statements": 14, "percent_covered": 0.0, "percent_covered_display": "0", "missing_lines": 14, "excluded_lines": 0, "percent_statements_covered": 0.0, "percent_statements_covered_display": "0"}, "missing_lines": [4, 7, 8, 11, 12, 13, 14, 17, 18, 19, 22, 23, 24, 27], "excluded_lines": [], "functions": {"": {"executed_lines": [], "summary": {"covered_lines": 0, "num_statements": 14, "percent_covered": 0.0, "percent_covered_display": "0", "missing_lines": 14, "excluded_lines": 0, "percent_statements_covered": 0.0, "percent_statements_covered_display": "0"}, "missing_lines": [4, 7, 8, 11, 12, 13, 14, 17, 18, 19, 22, 23, 24, 27], "excluded_lines": [], "start_line": 1}}, "classes": {"": {"executed_lines": [], "summary": {"covered_lines": 0, "num_statements": 14, "percent_covered": 0.0, "percent_covered_display": "0", "missing_lines": 14, "excluded_lines": 0, "percent_statements_covered": 0.0, "percent_statements_covered_display": "0"}, "missing_lines": [4, 7, 8, 11, 12, 13, 14, 17, 18, 19, 22, 23, 24, 27], "excluded_lines": [], "start_line": 1}}}}, "totals": {"covered_lines": 856, "num_statements": 1889, "percent_covered": 45.31498147167814, "percent_covered_display": "45", "missing_lines": 1033, "excluded_lines": 0, "percent_statements_covered": 45.31498147167814, "percent_statements_covered_display": "45"}}